Change Component Footprint: Designator=C18 Old Footprint=CN-SMD-0805 New Footprint=CN-SMD-0603
Change Component Footprint: Designator=C28 Old Footprint=CN-SMD-0805 New Footprint=CN-SMD-0603
Change Component Footprint: Designator=C29 Old Footprint=CN-SMD-0805 New Footprint=CN-SMD-0603
Change Component Footprint: Designator=R5 Old Footprint=RES-SMD-0805 New Footprint=RES-SMD-0603
Change Component Footprint: Designator=R6 Old Footprint=RES-SMD-0805 New Footprint=RES-SMD-0603
Change Component Footprint: Designator=R7 Old Footprint=RES-SMD-0805 New Footprint=RES-SMD-0603
Change Component Footprint: Designator=R8 Old Footprint=RES-SMD-0805 New Footprint=RES-SMD-0603
Change Component Footprint: Designator=R9 Old Footprint=RES-SMD-0805 New Footprint=RES-SMD-0603
Change Component Footprint: Designator=R10 Old Footprint=RES-SMD-0805 New Footprint=RES-SMD-0603
Change Component Footprint: Designator=R11 Old Footprint=RES-SMD-0805 New Footprint=RES-SMD-0603
Change Component Footprint: Designator=R12 Old Footprint=RES-SMD-0805 New Footprint=RES-SMD-0603
Change Component Footprint: Designator=R13 Old Footprint=RES-SMD-0805 New Footprint=RES-SMD-0603
Change Component Footprint: Designator=R25 Old Footprint=RES-SMD-0805 New Footprint=RES-SMD-0603
Change Component Footprint: Designator=R26 Old Footprint=RES-SMD-0805 New Footprint=RES-SMD-0603
Change Component Footprint: Designator=R30 Old Footprint=RES-SMD-0805 New Footprint=RES-SMD-0603
Change Component Footprint: Designator=R31 Old Footprint=RES-SMD-0805 New Footprint=RES-SMD-0603
Change Component Footprint: Designator=R32 Old Footprint=RES-SMD-0805 New Footprint=RES-SMD-0603
Change Component Footprint: Designator=R33 Old Footprint=RES-SMD-0805 New Footprint=RES-SMD-0603
Change Component Footprint: Designator=R36 Old Footprint=RES-SMD-0805 New Footprint=RES-SMD-0603
Change Component Footprint: Designator=R38 Old Footprint=RES-SMD-0805 New Footprint=RES-SMD-0603
Change Component Footprint: Designator=R39 Old Footprint=RES-SMD-0805 New Footprint=RES-SMD-0603
Change Component Footprint: Designator=LED4 Old Footprint=SM-LED-0805-Blue New Footprint=SM-LED-0603
Change Component Footprint: Designator=LED1 Old Footprint=SM-LED-0805-Green New Footprint=SM-LED-0603
Change Component Footprint: Designator=LED2 Old Footprint=SM-LED-0805-Red New Footprint=SM-LED-0603
Change Component Footprint: Designator=LED3 Old Footprint=SM-LED-0805-Red New Footprint=SM-LED-0603
Change Pin Designator/Name:  Old Designator=U1-23 Old Name=PC0 (ADC0) New Designator =PC1 (ADC1) New Name=24
Change Pin Designator/Name:  Old Designator=U1-24 Old Name=PC1 (ADC1) New Designator =PC0 (ADC0) New Name=23
