Removed Pin From Net: NetName=PHASE-B Pin=C7-2
Removed Pin From Net: NetName=GND Pin=C8-1
Removed Pin From Net: NetName=VCC Pin=C8-2
Removed Pin From Net: NetName=+5V Pin=C12-1
Removed Pin From Net: NetName=NetC14_1 Pin=C14-1
Removed Pin From Net: NetName=+5V Pin=IC3-8
Removed Pin From Net: NetName=NetQ1_1 Pin=R3-1
Removed Pin From Net: NetName=NetIC1_7 Pin=R3-2
Removed Pin From Net: NetName=NetIC1_5 Pin=R4-2
Removed Pin From Net: NetName=NetQ4_1 Pin=R15-1
Removed Pin From Net: NetName=NetIC2_5 Pin=R15-2
Removed Pin From Net: NetName=P_GND Pin=R18-1
Removed Pin From Net: NetName=GND Pin=R18-2
Removed Member From Class: ClassName=phase Member=C8
Change Component Footprint: Designator=C7 Old Footprint=CN-SMD-0805 New Footprint=SM-CAP-0805
Change Component Footprint: Designator=R18 Old Footprint=RES-SMD-2010 New Footprint=RES-SMD-0805
Change Component Footprint: Designator=C8 Old Footprint=SM-CAP-0805 New Footprint=CN-SMD-0603
Change Component Footprint: Designator=SW1 Old Footprint=SW1-SMD New Footprint=SW-SMD - 3x4
Change Component Comment : Designator=R18 Old Comment=0.02R New Comment=100R
Change Component Comment : Designator=R17 Old Comment=1K New Comment=5.6K
Change Component Comment : Designator=C7 Old Comment=2.2uF New Comment=10uF
Change Component Comment : Designator=C8 Old Comment=10uF New Comment=0.1uF
Change Component Comment : Designator=R22 Old Comment=22K New Comment=47K
Change Component Comment : Designator=R5 Old Comment=47K New Comment=33K
Change Component Comment : Designator=R6 Old Comment=47K New Comment=33K
Change Component Comment : Designator=R7 Old Comment=47K New Comment=33K
Change Component Comment : Designator=R8 Old Comment=47K New Comment=33K
Change Component Comment : Designator=R9 Old Comment=47K New Comment=33K
Change Component Comment : Designator=R10 Old Comment=47K New Comment=33K
Change Component Comment : Designator=R4 Old Comment=100R New Comment=10K
Change Component Comment : Designator=R15 Old Comment=100R New Comment=10K
Change Component Designator: OldDesignator=C? NewDesignator=C9
Change Component Designator: OldDesignator=C? NewDesignator=C10
Change Component Designator: OldDesignator=CONN? NewDesignator=CONN1
Added Component: Designator=BT1(SW4_SMD)
Add component (AddParameter): Name = "Value"; Value = "1N4007"; VariantName = "[No Variations]"
Added Component: Designator=C6(CN-SMD-0805)
Add component (AddParameter): Name = "Designed by"; Value = "VanDungEvn"; VariantName = "[No Variations]"
Add component (AddParameter): Name = "Value"; Value = "0,1uF/300V"; VariantName = "[No Variations]"
Added Component: Designator=C11(CN-SMD-1206)
Add component (AddParameter): Name = "Designed by"; Value = "VanDungEvn"; VariantName = "[No Variations]"
Add component (AddParameter): Name = "Value"; Value = "0,1uF/300V"; VariantName = "[No Variations]"
Added Component: Designator=C17(CN-SMD-0805)
Add component (AddParameter): Name = "Designed by"; Value = "VanDungEvn"; VariantName = "[No Variations]"
Add component (AddParameter): Name = "Value"; Value = "0,1uF/300V"; VariantName = "[No Variations]"
Added Component: Designator=C18(SM-CAP-0603)
Add component (AddParameter): Name = "Designed by"; Value = "VanDungEvn"; VariantName = "[No Variations]"
Add component (AddParameter): Name = "Value"; Value = "0,1uF/300V"; VariantName = "[No Variations]"
Added Component: Designator=C19(CAP-ALU-SMD-6.3x7.7x2.2)
Add component (AddParameter): Name = "LatestRevisionDate"; Value = "17-Jul-2002"; VariantName = "[No Variations]"
Add component (AddParameter): Name = "LatestRevisionNote"; Value = "Re-released for DXP Platform."; VariantName = "[No Variations]"
Add component (AddParameter): Name = "PackageReference"; Value = "POLAR0.8"; VariantName = "[No Variations]"
Add component (AddParameter): Name = "Published"; Value = "8-Jun-2000"; VariantName = "[No Variations]"
Add component (AddParameter): Name = "Publisher"; Value = "Altium Limited"; VariantName = "[No Variations]"
Added Component: Designator=C20(SM-CAP-0603)
Add component (AddParameter): Name = "Designed by"; Value = "VanDungEvn"; VariantName = "[No Variations]"
Add component (AddParameter): Name = "Value"; Value = "0,1uF/300V"; VariantName = "[No Variations]"
Added Component: Designator=D4(DO-214AC(SMA))
Add component (AddParameter): Name = "Value"; Value = "1N4007"; VariantName = "[No Variations]"
Added Component: Designator=IC5(TO263-DDPAK)
Add component (AddParameter): Name = "Value"; Value = "LM7805"; VariantName = "[No Variations]"
Added Component: Designator=L1(L-SMD-CDRH127-M-12x7)
Add component (AddParameter): Name = "Value"; Value = "150 mH"; VariantName = "[No Variations]"
Added Component: Designator=LED1(SM-LED-0603)
Added Component: Designator=R1(RES-SMD-0805)
Add component (AddParameter): Name = "Class"; Value = "Passive"; VariantName = "[No Variations]"
Add component (AddParameter): Name = "Manufacturer"; Value = "Generic Components"; VariantName = "[No Variations]"
Add component (AddParameter): Name = "Published"; Value = "08/06/2000"; VariantName = "[No Variations]"
Add component (AddParameter): Name = "Publisher"; Value = "Altium Hobart Technology Centre"; VariantName = "[No Variations]"
Added Component: Designator=R2(RES-SMD-0805)
Add component (AddParameter): Name = "Class"; Value = "Passive"; VariantName = "[No Variations]"
Add component (AddParameter): Name = "Manufacturer"; Value = "Generic Components"; VariantName = "[No Variations]"
Add component (AddParameter): Name = "Published"; Value = "08/06/2000"; VariantName = "[No Variations]"
Add component (AddParameter): Name = "Publisher"; Value = "Altium Hobart Technology Centre"; VariantName = "[No Variations]"
Added Component: Designator=R19(RES-SMD-0805)
Add component (AddParameter): Name = "Class"; Value = "Passive"; VariantName = "[No Variations]"
Add component (AddParameter): Name = "Manufacturer"; Value = "Generic Components"; VariantName = "[No Variations]"
Add component (AddParameter): Name = "Published"; Value = "08/06/2000"; VariantName = "[No Variations]"
Add component (AddParameter): Name = "Publisher"; Value = "Altium Hobart Technology Centre"; VariantName = "[No Variations]"
Added Component: Designator=R20(RES-SMD-0805)
Add component (AddParameter): Name = "Class"; Value = "Passive"; VariantName = "[No Variations]"
Add component (AddParameter): Name = "Manufacturer"; Value = "Generic Components"; VariantName = "[No Variations]"
Add component (AddParameter): Name = "Published"; Value = "08/06/2000"; VariantName = "[No Variations]"
Add component (AddParameter): Name = "Publisher"; Value = "Altium Hobart Technology Centre"; VariantName = "[No Variations]"
Added Component: Designator=R25(RES-SMD-0805)
Add component (AddParameter): Name = "Class"; Value = "Passive"; VariantName = "[No Variations]"
Add component (AddParameter): Name = "Manufacturer"; Value = "Generic Components"; VariantName = "[No Variations]"
Add component (AddParameter): Name = "Published"; Value = "08/06/2000"; VariantName = "[No Variations]"
Add component (AddParameter): Name = "Publisher"; Value = "Altium Hobart Technology Centre"; VariantName = "[No Variations]"
Added Component: Designator=R26(RES-SMD-0603)
Add component (AddParameter): Name = "Class"; Value = "Passive"; VariantName = "[No Variations]"
Add component (AddParameter): Name = "Manufacturer"; Value = "Generic Components"; VariantName = "[No Variations]"
Add component (AddParameter): Name = "Published"; Value = "08/06/2000"; VariantName = "[No Variations]"
Add component (AddParameter): Name = "Publisher"; Value = "Altium Hobart Technology Centre"; VariantName = "[No Variations]"
Added Component: Designator=R27(RES-SMD-0603)
Add component (AddParameter): Name = "Class"; Value = "Passive"; VariantName = "[No Variations]"
Add component (AddParameter): Name = "Manufacturer"; Value = "Generic Components"; VariantName = "[No Variations]"
Add component (AddParameter): Name = "Published"; Value = "08/06/2000"; VariantName = "[No Variations]"
Add component (AddParameter): Name = "Publisher"; Value = "Altium Hobart Technology Centre"; VariantName = "[No Variations]"
Added Component: Designator=R28(RES-SMD-0805)
Add component (AddParameter): Name = "Class"; Value = "Passive"; VariantName = "[No Variations]"
Add component (AddParameter): Name = "Manufacturer"; Value = "Generic Components"; VariantName = "[No Variations]"
Add component (AddParameter): Name = "Published"; Value = "08/06/2000"; VariantName = "[No Variations]"
Add component (AddParameter): Name = "Publisher"; Value = "Altium Hobart Technology Centre"; VariantName = "[No Variations]"
Added Component: Designator=R29(RES-SMD-0805)
Add component (AddParameter): Name = "Class"; Value = "Passive"; VariantName = "[No Variations]"
Add component (AddParameter): Name = "Manufacturer"; Value = "Generic Components"; VariantName = "[No Variations]"
Add component (AddParameter): Name = "Published"; Value = "08/06/2000"; VariantName = "[No Variations]"
Add component (AddParameter): Name = "Publisher"; Value = "Altium Hobart Technology Centre"; VariantName = "[No Variations]"
Added Component: Designator=SHUNT1(SHUNT10MM)
Added Component: Designator=U2(TO-263_5P)
Added Pin To Net: NetName=GND Pin=BT1-1
Added Pin To Net: NetName=GND Pin=BT1-1
Added Pin To Net: NetName=PHASE-B Pin=C6-2
Added Pin To Net: NetName=GND Pin=C7-1
Added Pin To Net: NetName=VCC Pin=C7-2
Added Pin To Net: NetName=nRST Pin=C8-1
Added Pin To Net: NetName=GND Pin=C8-2
Added Pin To Net: NetName=GND Pin=C11-1
Added Pin To Net: NetName=VCC Pin=C11-2
Added Pin To Net: NetName=GND Pin=C14-1
Added Pin To Net: NetName=GND Pin=C17-1
Added Pin To Net: NetName=VCC Pin=C17-2
Added Pin To Net: NetName=GND Pin=C18-1
Added Pin To Net: NetName=+5V Pin=C18-2
Added Pin To Net: NetName=GND Pin=C19-2
Added Pin To Net: NetName=GND Pin=C20-1
Added Pin To Net: NetName=MCU_Rx Pin=CONN1-1
Added Pin To Net: NetName=MCU_Tx Pin=CONN1-2
Added Pin To Net: NetName=nRST Pin=CONN1-3
Added Pin To Net: NetName=+5V Pin=CONN1-5
Added Pin To Net: NetName=GND Pin=CONN1-6
Added Pin To Net: NetName=GND Pin=CONN1-7
Added Pin To Net: NetName=GND Pin=CONN1-7
Added Pin To Net: NetName=GND Pin=D4-1
Added Pin To Net: NetName=GND Pin=IC5-2
Added Pin To Net: NetName=GND Pin=IC5-2
Added Pin To Net: NetName=+5V Pin=IC5-3
Added Pin To Net: NetName=+5V Pin=LED1-1
Added Pin To Net: NetName=NetQ1_1 Pin=R1-1
Added Pin To Net: NetName=NetIC1_7 Pin=R1-2
Added Pin To Net: NetName=NetQ1_1 Pin=R2-1
Added Pin To Net: NetName=PHASE-A Pin=R2-2
Added Pin To Net: NetName=NetQ2_1 Pin=R3-1
Added Pin To Net: NetName=NetIC1_5 Pin=R3-2
Added Pin To Net: NetName=P_GND Pin=R4-2
Added Pin To Net: NetName=NetQ3_1 Pin=R15-1
Added Pin To Net: NetName=PHASE-B Pin=R15-2
Added Pin To Net: NetName=NetQ4_1 Pin=R18-1
Added Pin To Net: NetName=NetIC2_5 Pin=R18-2
Added Pin To Net: NetName=NetQ4_1 Pin=R19-1
Added Pin To Net: NetName=P_GND Pin=R19-2
Added Pin To Net: NetName=NetQ5_1 Pin=R20-1
Added Pin To Net: NetName=PHASE-C Pin=R20-2
Added Pin To Net: NetName=NetQ6_1 Pin=R25-1
Added Pin To Net: NetName=P_GND Pin=R25-2
Added Pin To Net: NetName=+5V Pin=R26-2
Added Pin To Net: NetName=GND Pin=R27-2
Added Pin To Net: NetName=GND Pin=R29-2
Added Pin To Net: NetName=GND Pin=SHUNT1-1
Added Pin To Net: NetName=P_GND Pin=SHUNT1-2
Added Pin To Net: NetName=NetIC4_2 Pin=U1-1
Added Pin To Net: NetName=NetIC2_2 Pin=U1-2
Added Pin To Net: NetName=NetIC1_2 Pin=U1-9
Added Pin To Net: NetName=NetR8_1 Pin=U1-10
Added Pin To Net: NetName=NetR5_2 Pin=U1-11
Added Pin To Net: NetName=NetIC4_3 Pin=U1-13
Added Pin To Net: NetName=NetIC2_3 Pin=U1-14
Added Pin To Net: NetName=NetIC4_3 Pin=U1-15
Added Pin To Net: NetName=NetR6_2 Pin=U1-25
Added Pin To Net: NetName=NetR7_2 Pin=U1-26
Added Pin To Net: NetName=NetC16_1 Pin=U1-27
Added Pin To Net: NetName=VCC Pin=U2-1
Added Pin To Net: NetName=GND Pin=U2-3
Added Pin To Net: NetName=GND Pin=U2-5
Change Net Name : Old Net Name=+5V New Net Name=+5VDC
Change Net Name : Old Net Name=NetC14_1 New Net Name=NetIC3_2
Change Net Name : Old Net Name=NetC?_2 New Net Name=NetC9_2
Change Net Name : Old Net Name=VCC New Net Name=VBAT
Added Pin To Net: NetName=+5V Pin=C12-1
Added Pin To Net: NetName=+5V Pin=IC3-8
Added Net: Name=+5V
Added Pin To Net: NetName=BT1 Pin=BT2-2
Added Pin To Net: NetName=BT1 Pin=BT2-2
Added Pin To Net: NetName=BT1 Pin=R32-1
Added Pin To Net: NetName=BT1 Pin=U1-23
Added Net: Name=BT1
Added Pin To Net: NetName=BT2 Pin=BT3-2
Added Pin To Net: NetName=BT2 Pin=BT3-2
Added Pin To Net: NetName=BT2 Pin=R33-1
Added Pin To Net: NetName=BT2 Pin=U1-24
Added Net: Name=BT2
Added Pin To Net: NetName=BT3 Pin=BT4-2
Added Pin To Net: NetName=BT3 Pin=BT4-2
Added Pin To Net: NetName=BT3 Pin=R36-1
Added Pin To Net: NetName=BT3 Pin=U1-22
Added Net: Name=BT3
Added Pin To Net: NetName=BT4 Pin=BT1-2
Added Pin To Net: NetName=BT4 Pin=BT1-2
Added Pin To Net: NetName=BT4 Pin=R26-1
Added Pin To Net: NetName=BT4 Pin=U1-28
Added Net: Name=BT4
Added Pin To Net: NetName=LED_USER Pin=R31-2
Added Pin To Net: NetName=LED_USER Pin=U1-17
Added Net: Name=LED_USER
Added Pin To Net: NetName=NetC6_1 Pin=C6-1
Added Pin To Net: NetName=NetC6_1 Pin=D2-2
Added Pin To Net: NetName=NetC6_1 Pin=IC2-8
Added Net: Name=NetC6_1
Added Pin To Net: NetName=NetC10_2 Pin=C10-2
Added Pin To Net: NetName=NetC10_2 Pin=U1-8
Added Pin To Net: NetName=NetC10_2 Pin=X2-1
Added Net: Name=NetC10_2
Added Pin To Net: NetName=NetC19_1 Pin=C19-1
Added Pin To Net: NetName=NetC19_1 Pin=C20-2
Added Pin To Net: NetName=NetC19_1 Pin=IC5-1
Added Pin To Net: NetName=NetC19_1 Pin=L1-2
Added Pin To Net: NetName=NetC19_1 Pin=R28-2
Added Net: Name=NetC19_1
Added Pin To Net: NetName=NetD4_K Pin=L1-1
Added Pin To Net: NetName=NetD4_K Pin=U2-2
Added Pin To Net: NetName=NetD4_K Pin=D4-2
Added Net: Name=NetD4_K
Added Pin To Net: NetName=NetLED1_2 Pin=LED1-2
Added Pin To Net: NetName=NetLED1_2 Pin=R27-1
Added Net: Name=NetLED1_2
Added Pin To Net: NetName=NetR28_1 Pin=R28-1
Added Pin To Net: NetName=NetR28_1 Pin=R29-1
Added Pin To Net: NetName=NetR28_1 Pin=U2-4
Added Net: Name=NetR28_1
Added Member To Class: ClassName=MCU Member=Component BT1 BUTTON1
Added Member To Class: ClassName=phase Member=Component C6 2.2uF
Added Member To Class: ClassName=MCU Member=Component C8 0.1uF
Added Member To Class: ClassName=MCU Member=Component C10 10pF
Added Member To Class: ClassName=MCU Member=Component C11 0.1uF
Added Member To Class: ClassName=MCU Member=Component C17 0.1uF
Added Member To Class: ClassName=MCU Member=Component C18 0.1uF
Added Member To Class: ClassName=MCU Member=Component C19 47uF
Added Member To Class: ClassName=MCU Member=Component C20 0.1uF
Added Member To Class: ClassName=MCU Member=Component D4 SS34
Added Member To Class: ClassName=MCU Member=Component IC5 LM7805
Added Member To Class: ClassName=MCU Member=Component L1 68uH
Added Member To Class: ClassName=MCU Member=Component LED1 LED SMD
Added Member To Class: ClassName=phase Member=Component R1 100R
Added Member To Class: ClassName=phase Member=Component R2 10K
Added Member To Class: ClassName=phase Member=Component R19 10K
Added Member To Class: ClassName=phase Member=Component R20 10K
Added Member To Class: ClassName=phase Member=Component R25 10K
Added Member To Class: ClassName=MCU Member=Component R26 10K
Added Member To Class: ClassName=MCU Member=Component R27 1K
Added Member To Class: ClassName=MCU Member=Component R28 33K
Added Member To Class: ClassName=MCU Member=Component R29 8.2K
Added Member To Class: ClassName=phase Member=Component SHUNT1 Shunt
Added Member To Class: ClassName=MCU Member=Component U2 LM2596S
