Removed Pin From Net: NetName=GND Pin=D3-1
Removed Pin From Net: NetName=GND Pin=D6-1
Removed Pin From Net: NetName=GND Pin=D9-1
Removed Pin From Net: NetName=GND Pin=Q2-3
Removed Pin From Net: NetName=GND Pin=Q4-3
Removed Pin From Net: NetName=GND Pin=Q6-3
Removed Member From Class: ClassName=MCU Member=U?
Change Component Comment : Designator=C? Old Comment=22uF New Comment=0.1uF
Change Component Comment : Designator=C? Old Comment=22uF New Comment=0.1uF
Change Component Comment : Designator=C? Old Comment=22uF New Comment=0.1uF
Change Component Comment : Designator=L? Old Comment=33uH New Comment=10uH
Change Component Comment : Designator=C? Old Comment=47uF New Comment=22uF
Change Component Designator: OldDesignator=BT? NewDesignator=BT2
Change Component Designator: OldDesignator=BT? NewDesignator=BT3
Change Component Designator: OldDesignator=BT? NewDesignator=BT4
Change Component Designator: OldDesignator=C4 NewDesignator=C7
Change Component Designator: OldDesignator=C5 NewDesignator=C8
Change Component Designator: OldDesignator=C6 NewDesignator=C9
Change Component Designator: OldDesignator=C7 NewDesignator=C4
Change Component Designator: OldDesignator=C8 NewDesignator=C5
Change Component Designator: OldDesignator=C9 NewDesignator=C6
Change Component Designator: OldDesignator=C? NewDesignator=C12
Change Component Designator: OldDesignator=C? NewDesignator=C13
Change Component Designator: OldDesignator=C? NewDesignator=C14
Change Component Designator: OldDesignator=C? NewDesignator=C15
Change Component Designator: OldDesignator=C? NewDesignator=C16
Change Component Designator: OldDesignator=C? NewDesignator=C17
Change Component Designator: OldDesignator=C? NewDesignator=C18
Change Component Designator: OldDesignator=C? NewDesignator=C19
Change Component Designator: OldDesignator=C? NewDesignator=C20
Change Component Designator: OldDesignator=C? NewDesignator=C21
Change Component Designator: OldDesignator=IC4 NewDesignator=IC5
Change Component Designator: OldDesignator=J? NewDesignator=J1
Change Component Designator: OldDesignator=L? NewDesignator=L1
Change Component Designator: OldDesignator=R1 NewDesignator=R3
Change Component Designator: OldDesignator=R2 NewDesignator=R4
Change Component Designator: OldDesignator=R3 NewDesignator=R5
Change Component Designator: OldDesignator=R4 NewDesignator=R6
Change Component Designator: OldDesignator=R5 NewDesignator=R7
Change Component Designator: OldDesignator=R6 NewDesignator=R8
Change Component Designator: OldDesignator=R7 NewDesignator=R9
Change Component Designator: OldDesignator=R8 NewDesignator=R10
Change Component Designator: OldDesignator=R9 NewDesignator=R11
Change Component Designator: OldDesignator=R10 NewDesignator=R12
Change Component Designator: OldDesignator=R11 NewDesignator=R13
Change Component Designator: OldDesignator=R12 NewDesignator=R14
Change Component Designator: OldDesignator=R13 NewDesignator=R15
Change Component Designator: OldDesignator=R14 NewDesignator=R19
Change Component Designator: OldDesignator=R15 NewDesignator=R20
Change Component Designator: OldDesignator=R? NewDesignator=R25
Change Component Designator: OldDesignator=R? NewDesignator=R27
Change Component Designator: OldDesignator=R? NewDesignator=R28
Change Component Designator: OldDesignator=R? NewDesignator=R31
Change Component Designator: OldDesignator=X? NewDesignator=X2
Added Component: Designator=BT1(SW4_SMD)
Add component (AddParameter): Name = "Value"; Value = "1N4007"; VariantName = "[No Variations]"
Added Component: Designator=C10(CN-SMD-0805)
Add component (AddParameter): Name = "Designed by"; Value = "VanDungEvn"; VariantName = "[No Variations]"
Add component (AddParameter): Name = "Value"; Value = "0,1uF/300V"; VariantName = "[No Variations]"
Added Component: Designator=C11(CN-SMD-0805)
Add component (AddParameter): Name = "Designed by"; Value = "VanDungEvn"; VariantName = "[No Variations]"
Add component (AddParameter): Name = "Value"; Value = "0,1uF/300V"; VariantName = "[No Variations]"
Added Component: Designator=C22(CN-SMD-0603)
Add component (AddParameter): Name = "Designed by"; Value = "VanDungEvn"; VariantName = "[No Variations]"
Add component (AddParameter): Name = "Value"; Value = "0,1uF/300V"; VariantName = "[No Variations]"
Added Component: Designator=C23(cap_A_SMD 10uF/16V)
Added Component: Designator=C24(CN-SMD-0805)
Add component (AddParameter): Name = "Designed by"; Value = "VanDungEvn"; VariantName = "[No Variations]"
Add component (AddParameter): Name = "Value"; Value = "0,1uF/300V"; VariantName = "[No Variations]"
Added Component: Designator=C25(cap_A_SMD 10uF/16V)
Added Component: Designator=C26(CN-SMD-0603)
Add component (AddParameter): Name = "Designed by"; Value = "VanDungEvn"; VariantName = "[No Variations]"
Add component (AddParameter): Name = "Value"; Value = "0,1uF/300V"; VariantName = "[No Variations]"
Added Component: Designator=C27(CN-SMD-0603)
Add component (AddParameter): Name = "Designed by"; Value = "VanDungEvn"; VariantName = "[No Variations]"
Add component (AddParameter): Name = "Value"; Value = "0,1uF/300V"; VariantName = "[No Variations]"
Added Component: Designator=C28(CN-SMD-0603)
Add component (AddParameter): Name = "Designed by"; Value = "VanDungEvn"; VariantName = "[No Variations]"
Add component (AddParameter): Name = "Value"; Value = "0,1uF/300V"; VariantName = "[No Variations]"
Added Component: Designator=C29(CN-SMD-0603)
Add component (AddParameter): Name = "Designed by"; Value = "VanDungEvn"; VariantName = "[No Variations]"
Add component (AddParameter): Name = "Value"; Value = "0,1uF/300V"; VariantName = "[No Variations]"
Added Component: Designator=IC4(SOIC-16)
Added Component: Designator=IC6(SOIC-8)
Added Component: Designator=IC?(SO8)
Add component (AddParameter): Name = "Value"; Value = "LM358"; VariantName = "[No Variations]"
Added Component: Designator=L2(L-SMD-06030-7.4x6.6X3)
Add component (AddParameter): Name = "Value"; Value = "150 mH"; VariantName = "[No Variations]"
Added Component: Designator=LED1(SM-LED-0805-Green)
Added Component: Designator=LED2(SM-LED-0805-Red)
Added Component: Designator=LED3(SM-LED-0805-Blue)
Added Component: Designator=R1(RES-SMD-0805)
Add component (AddParameter): Name = "Class"; Value = "Passive"; VariantName = "[No Variations]"
Add component (AddParameter): Name = "Manufacturer"; Value = "Generic Components"; VariantName = "[No Variations]"
Add component (AddParameter): Name = "Published"; Value = "08/06/2000"; VariantName = "[No Variations]"
Add component (AddParameter): Name = "Publisher"; Value = "Altium Hobart Technology Centre"; VariantName = "[No Variations]"
Added Component: Designator=R2(RES-SMD-0805)
Add component (AddParameter): Name = "Class"; Value = "Passive"; VariantName = "[No Variations]"
Add component (AddParameter): Name = "Manufacturer"; Value = "Generic Components"; VariantName = "[No Variations]"
Add component (AddParameter): Name = "Published"; Value = "08/06/2000"; VariantName = "[No Variations]"
Add component (AddParameter): Name = "Publisher"; Value = "Altium Hobart Technology Centre"; VariantName = "[No Variations]"
Added Component: Designator=R16(RES-SMD-2010)
Add component (AddParameter): Name = "Class"; Value = "Passive"; VariantName = "[No Variations]"
Add component (AddParameter): Name = "Manufacturer"; Value = "Generic Components"; VariantName = "[No Variations]"
Add component (AddParameter): Name = "Published"; Value = "08/06/2000"; VariantName = "[No Variations]"
Add component (AddParameter): Name = "Publisher"; Value = "Altium Hobart Technology Centre"; VariantName = "[No Variations]"
Added Component: Designator=R17(RES-SMD-2010)
Add component (AddParameter): Name = "Class"; Value = "Passive"; VariantName = "[No Variations]"
Add component (AddParameter): Name = "Manufacturer"; Value = "Generic Components"; VariantName = "[No Variations]"
Add component (AddParameter): Name = "Published"; Value = "08/06/2000"; VariantName = "[No Variations]"
Add component (AddParameter): Name = "Publisher"; Value = "Altium Hobart Technology Centre"; VariantName = "[No Variations]"
Added Component: Designator=R18(RES-SMD-2010)
Add component (AddParameter): Name = "Class"; Value = "Passive"; VariantName = "[No Variations]"
Add component (AddParameter): Name = "Manufacturer"; Value = "Generic Components"; VariantName = "[No Variations]"
Add component (AddParameter): Name = "Published"; Value = "08/06/2000"; VariantName = "[No Variations]"
Add component (AddParameter): Name = "Publisher"; Value = "Altium Hobart Technology Centre"; VariantName = "[No Variations]"
Added Component: Designator=R21(RES-SMD-0805)
Add component (AddParameter): Name = "Class"; Value = "Passive"; VariantName = "[No Variations]"
Add component (AddParameter): Name = "Manufacturer"; Value = "Generic Components"; VariantName = "[No Variations]"
Add component (AddParameter): Name = "Published"; Value = "08/06/2000"; VariantName = "[No Variations]"
Add component (AddParameter): Name = "Publisher"; Value = "Altium Hobart Technology Centre"; VariantName = "[No Variations]"
Added Component: Designator=R22(RES-SMD-0805)
Add component (AddParameter): Name = "Class"; Value = "Passive"; VariantName = "[No Variations]"
Add component (AddParameter): Name = "Manufacturer"; Value = "Generic Components"; VariantName = "[No Variations]"
Add component (AddParameter): Name = "Published"; Value = "08/06/2000"; VariantName = "[No Variations]"
Add component (AddParameter): Name = "Publisher"; Value = "Altium Hobart Technology Centre"; VariantName = "[No Variations]"
Added Component: Designator=R23(RES-SMD-0805)
Add component (AddParameter): Name = "Class"; Value = "Passive"; VariantName = "[No Variations]"
Add component (AddParameter): Name = "Manufacturer"; Value = "Generic Components"; VariantName = "[No Variations]"
Add component (AddParameter): Name = "Published"; Value = "08/06/2000"; VariantName = "[No Variations]"
Add component (AddParameter): Name = "Publisher"; Value = "Altium Hobart Technology Centre"; VariantName = "[No Variations]"
Added Component: Designator=R24(RES-SMD-0805)
Add component (AddParameter): Name = "Class"; Value = "Passive"; VariantName = "[No Variations]"
Add component (AddParameter): Name = "Manufacturer"; Value = "Generic Components"; VariantName = "[No Variations]"
Add component (AddParameter): Name = "Published"; Value = "08/06/2000"; VariantName = "[No Variations]"
Add component (AddParameter): Name = "Publisher"; Value = "Altium Hobart Technology Centre"; VariantName = "[No Variations]"
Added Component: Designator=R26(RES-SMD-0805)
Add component (AddParameter): Name = "Class"; Value = "Passive"; VariantName = "[No Variations]"
Add component (AddParameter): Name = "Manufacturer"; Value = "Generic Components"; VariantName = "[No Variations]"
Add component (AddParameter): Name = "Published"; Value = "08/06/2000"; VariantName = "[No Variations]"
Add component (AddParameter): Name = "Publisher"; Value = "Altium Hobart Technology Centre"; VariantName = "[No Variations]"
Added Component: Designator=R29(RES-SMD-0805)
Add component (AddParameter): Name = "Class"; Value = "Passive"; VariantName = "[No Variations]"
Add component (AddParameter): Name = "Manufacturer"; Value = "Generic Components"; VariantName = "[No Variations]"
Add component (AddParameter): Name = "Published"; Value = "08/06/2000"; VariantName = "[No Variations]"
Add component (AddParameter): Name = "Publisher"; Value = "Altium Hobart Technology Centre"; VariantName = "[No Variations]"
Added Component: Designator=R30(RES-SMD-0805)
Add component (AddParameter): Name = "Class"; Value = "Passive"; VariantName = "[No Variations]"
Add component (AddParameter): Name = "Manufacturer"; Value = "Generic Components"; VariantName = "[No Variations]"
Add component (AddParameter): Name = "Published"; Value = "08/06/2000"; VariantName = "[No Variations]"
Add component (AddParameter): Name = "Publisher"; Value = "Altium Hobart Technology Centre"; VariantName = "[No Variations]"
Added Component: Designator=R32(RES-SMD-0805)
Add component (AddParameter): Name = "Class"; Value = "Passive"; VariantName = "[No Variations]"
Add component (AddParameter): Name = "Manufacturer"; Value = "Generic Components"; VariantName = "[No Variations]"
Add component (AddParameter): Name = "Published"; Value = "08/06/2000"; VariantName = "[No Variations]"
Add component (AddParameter): Name = "Publisher"; Value = "Altium Hobart Technology Centre"; VariantName = "[No Variations]"
Added Component: Designator=R?(RES-SMD-0805)
Add component (AddParameter): Name = "Class"; Value = "Passive"; VariantName = "[No Variations]"
Add component (AddParameter): Name = "Manufacturer"; Value = "Generic Components"; VariantName = "[No Variations]"
Add component (AddParameter): Name = "Published"; Value = "08/06/2000"; VariantName = "[No Variations]"
Add component (AddParameter): Name = "Publisher"; Value = "Altium Hobart Technology Centre"; VariantName = "[No Variations]"
Added Component: Designator=R?(RES-SMD-0805)
Add component (AddParameter): Name = "Class"; Value = "Passive"; VariantName = "[No Variations]"
Add component (AddParameter): Name = "Manufacturer"; Value = "Generic Components"; VariantName = "[No Variations]"
Add component (AddParameter): Name = "Published"; Value = "08/06/2000"; VariantName = "[No Variations]"
Add component (AddParameter): Name = "Publisher"; Value = "Altium Hobart Technology Centre"; VariantName = "[No Variations]"
Added Component: Designator=X1(XT-49S/DIP)
Add component (AddParameter): Name = "Value"; Value = "4Mhz"; VariantName = "[No Variations]"
Added Pin To Net: NetName=nRST Pin=BT1-1
Added Pin To Net: NetName=nRST Pin=BT1-1
Added Pin To Net: NetName=GND Pin=BT1-2
Added Pin To Net: NetName=GND Pin=BT1-2
Added Pin To Net: NetName=nRST Pin=C10-1
Added Pin To Net: NetName=+5V Pin=C11-1
Added Pin To Net: NetName=GND Pin=C11-2
Added Pin To Net: NetName=VCC Pin=C23-1
Added Pin To Net: NetName=GND Pin=C23-2
Added Pin To Net: NetName=GND Pin=C24-1
Added Pin To Net: NetName=VCC Pin=C24-2
Added Pin To Net: NetName=+5V Pin=C25-1
Added Pin To Net: NetName=GND Pin=C25-2
Added Pin To Net: NetName=GND Pin=C27-1
Added Pin To Net: NetName=GND Pin=C28-2
Added Pin To Net: NetName=GND Pin=C29-2
Added Pin To Net: NetName=GND Pin=IC4-1
Added Pin To Net: NetName=MCU_Rx Pin=IC4-2
Added Pin To Net: NetName=MCU_Tx Pin=IC4-3
Added Pin To Net: NetName=+5V Pin=IC4-16
Added Pin To Net: NetName=VCC Pin=IC6-2
Added Pin To Net: NetName=GND Pin=IC6-4
Added Pin To Net: NetName=GND Pin=IC?-4
Added Pin To Net: NetName=GND Pin=J1-A1/B12
Added Pin To Net: NetName=+5V Pin=J1-A4/B9
Added Pin To Net: NetName=GND Pin=J1-B1/A12
Added Pin To Net: NetName=+5V Pin=J1-B4/A9
Added Pin To Net: NetName=GND Pin=J1-S1
Added Pin To Net: NetName=GND Pin=J1-S1
Added Pin To Net: NetName=GND Pin=J1-S2
Added Pin To Net: NetName=GND Pin=J1-S2
Added Pin To Net: NetName=GND Pin=J1-S3
Added Pin To Net: NetName=GND Pin=J1-S3
Added Pin To Net: NetName=GND Pin=J1-S4
Added Pin To Net: NetName=GND Pin=J1-S4
Added Pin To Net: NetName=+5V Pin=L2-2
Added Pin To Net: NetName=MCU_Tx Pin=LED1-2
Added Pin To Net: NetName=MCU_Rx Pin=LED2-2
Added Pin To Net: NetName=GND Pin=LED3-2
Added Pin To Net: NetName=GND Pin=R1-2
Added Pin To Net: NetName=+5V Pin=R2-1
Added Pin To Net: NetName=GND Pin=R16-2
Added Pin To Net: NetName=GND Pin=R17-2
Added Pin To Net: NetName=GND Pin=R18-2
Added Pin To Net: NetName=+5V Pin=R21-1
Added Pin To Net: NetName=+5V Pin=R22-1
Added Pin To Net: NetName=nRST Pin=R26-1
Added Pin To Net: NetName=+5V Pin=R26-2
Added Pin To Net: NetName=VCC Pin=R29-2
Added Pin To Net: NetName=+5V Pin=R30-1
Added Pin To Net: NetName=GND Pin=R32-1
Added Pin To Net: NetName=GND Pin=R?-1
Change Net Name : Old Net Name=NetC5_1 New Net Name=NetC8_1
Change Net Name : Old Net Name=NetC7_2 New Net Name=NetC4_2
Change Net Name : Old Net Name=NetC8_2 New Net Name=NetC5_2
Change Net Name : Old Net Name=NetC9_2 New Net Name=NetC6_2
Change Net Name : Old Net Name=NetC?_2 New Net Name=NetC14_2
Change Net Name : Old Net Name=NetIC4_20 New Net Name=NetIC5_20
Added Pin To Net: NetName=D+ Pin=J1-A6
Added Pin To Net: NetName=D+ Pin=J1-B6
Added Pin To Net: NetName=D+ Pin=R23-1
Added Net: Name=D+
Added Pin To Net: NetName=D- Pin=J1-A7
Added Pin To Net: NetName=D- Pin=J1-B7
Added Pin To Net: NetName=D- Pin=R24-1
Added Net: Name=D-
Added Pin To Net: NetName=NetC10_2 Pin=C10-2
Added Pin To Net: NetName=NetC10_2 Pin=IC4-13
Added Net: Name=NetC10_2
Added Pin To Net: NetName=NetC22_1 Pin=C22-1
Added Pin To Net: NetName=NetC22_1 Pin=IC6-3
Added Pin To Net: NetName=NetC22_1 Pin=L2-1
Added Net: Name=NetC22_1
Added Pin To Net: NetName=NetC22_2 Pin=C22-2
Added Pin To Net: NetName=NetC22_2 Pin=IC6-1
Added Net: Name=NetC22_2
Added Pin To Net: NetName=NetC26_1 Pin=C26-1
Added Pin To Net: NetName=NetC26_1 Pin=R32-2
Added Net: Name=NetC26_1
Added Pin To Net: NetName=NetC26_2 Pin=C26-2
Added Pin To Net: NetName=NetC26_2 Pin=IC6-6
Added Net: Name=NetC26_2
Added Pin To Net: NetName=NetC27_2 Pin=C27-2
Added Pin To Net: NetName=NetC27_2 Pin=IC6-8
Added Net: Name=NetC27_2
Added Pin To Net: NetName=NetC28_1 Pin=C28-1
Added Pin To Net: NetName=NetC28_1 Pin=C29-1
Added Pin To Net: NetName=NetC28_1 Pin=IC6-5
Added Pin To Net: NetName=NetC28_1 Pin=R1-1
Added Pin To Net: NetName=NetC28_1 Pin=R2-2
Added Net: Name=NetC28_1
Added Pin To Net: NetName=NetIC4_5 Pin=IC4-5
Added Pin To Net: NetName=NetIC4_5 Pin=R23-2
Added Net: Name=NetIC4_5
Added Pin To Net: NetName=NetIC4_6 Pin=IC4-6
Added Pin To Net: NetName=NetIC4_6 Pin=R24-2
Added Net: Name=NetIC4_6
Added Pin To Net: NetName=NetIC4_7 Pin=IC4-7
Added Pin To Net: NetName=NetIC4_7 Pin=X1-2
Added Net: Name=NetIC4_7
Added Pin To Net: NetName=NetIC4_8 Pin=IC4-8
Added Pin To Net: NetName=NetIC4_8 Pin=X1-1
Added Net: Name=NetIC4_8
Added Pin To Net: NetName=NetIC6_7 Pin=IC6-7
Added Pin To Net: NetName=NetIC6_7 Pin=R29-1
Added Net: Name=NetIC6_7
Added Pin To Net: NetName=NetIC?_2 Pin=IC?-2
Added Pin To Net: NetName=NetIC?_2 Pin=R?-2
Added Net: Name=NetIC?_2
Added Pin To Net: NetName=NetIC?_3 Pin=IC?-3
Added Pin To Net: NetName=NetIC?_3 Pin=R?-2
Added Net: Name=NetIC?_3
Added Pin To Net: NetName=NetLED1_1 Pin=LED1-1
Added Pin To Net: NetName=NetLED1_1 Pin=R21-2
Added Net: Name=NetLED1_1
Added Pin To Net: NetName=NetLED2_1 Pin=LED2-1
Added Pin To Net: NetName=NetLED2_1 Pin=R22-2
Added Net: Name=NetLED2_1
Added Pin To Net: NetName=NetLED3_1 Pin=LED3-1
Added Pin To Net: NetName=NetLED3_1 Pin=R30-2
Added Net: Name=NetLED3_1
Added Pin To Net: NetName=P_GND Pin=Q2-3
Added Pin To Net: NetName=P_GND Pin=Q4-3
Added Pin To Net: NetName=P_GND Pin=Q6-3
Added Pin To Net: NetName=P_GND Pin=R16-1
Added Pin To Net: NetName=P_GND Pin=R17-1
Added Pin To Net: NetName=P_GND Pin=R18-1
Added Pin To Net: NetName=P_GND Pin=R?-1
Added Pin To Net: NetName=P_GND Pin=D3-1
Added Pin To Net: NetName=P_GND Pin=D6-1
Added Pin To Net: NetName=P_GND Pin=D9-1
Added Net: Name=P_GND
Added Member To Class: ClassName=MCU Member=Component BT1 BUTTON1
Added Member To Class: ClassName=MCU Member=Component BT2 BUTTON1
Added Member To Class: ClassName=MCU Member=Component BT4 BUTTON1
Added Member To Class: ClassName=MCU Member=Component C10 1uF
Added Member To Class: ClassName=MCU Member=Component C11 0.1uF
Added Member To Class: ClassName=MCU Member=Component C12 12pF
Added Member To Class: ClassName=MCU Member=Component C13 12pF
Added Member To Class: ClassName=MCU Member=Component C14 22uF
Added Member To Class: ClassName=MCU Member=Component C15 0.1uF
Added Member To Class: ClassName=MCU Member=Component C16 22uF
Added Member To Class: ClassName=MCU Member=Component C18 0.1uF
Added Member To Class: ClassName=MCU Member=Component C19 0.1uF
Added Member To Class: ClassName=MCU Member=Component C20 0.1uF
Added Member To Class: ClassName=MCU Member=Component C21 0.1uF
Added Member To Class: ClassName=MCU Member=Component C22 10nF
Added Member To Class: ClassName=MCU Member=Component C23 47uF
Added Member To Class: ClassName=MCU Member=Component C24 0.1uF
Added Member To Class: ClassName=MCU Member=Component C25 47uF
Added Member To Class: ClassName=MCU Member=Component C26 6.8nF
Added Member To Class: ClassName=MCU Member=Component C27 0.1uF
Added Member To Class: ClassName=MCU Member=Component C28 10uF
Added Member To Class: ClassName=MCU Member=Component C29 10uF
Added Member To Class: ClassName=MCU Member=Component IC5 ATMEGA 16A
Added Member To Class: ClassName=MCU Member=Component IC6 MP1484
Added Member To Class: ClassName=phase Member=Component IC? LM358
Added Member To Class: ClassName=MCU Member=Component L2 2.2uH
Added Member To Class: ClassName=MCU Member=Component LED1 LED SMD
Added Member To Class: ClassName=MCU Member=Component LED2 LED SMD
Added Member To Class: ClassName=MCU Member=Component LED3 LED SMD
Added Member To Class: ClassName=MCU Member=Component R1 2.2K
Added Member To Class: ClassName=MCU Member=Component R2 12K
Added Member To Class: ClassName=phase Member=Component R16 0.15R
Added Member To Class: ClassName=phase Member=Component R17 0.15R
Added Member To Class: ClassName=phase Member=Component R18 0.15R
Added Member To Class: ClassName=MCU Member=Component R21 1K
Added Member To Class: ClassName=MCU Member=Component R22 1K
Added Member To Class: ClassName=MCU Member=Component R23 22R
Added Member To Class: ClassName=MCU Member=Component R24 22R
Added Member To Class: ClassName=MCU Member=Component R25 560K
Added Member To Class: ClassName=MCU Member=Component R26 10K
Added Member To Class: ClassName=MCU Member=Component R27 10K
Added Member To Class: ClassName=MCU Member=Component R28 10K
Added Member To Class: ClassName=MCU Member=Component R29 100K
Added Member To Class: ClassName=MCU Member=Component R30 1K
Added Member To Class: ClassName=MCU Member=Component R32 6.8K
Added Member To Class: ClassName=phase Member=Component R? 1K
Added Member To Class: ClassName=phase Member=Component R? 1K
Added Member To Class: ClassName=MCU Member=Component X1 12Mhz
Added Room: Name=MCU
