Removed Member From Class: ClassName=phase Member=C30
Removed Member From Class: ClassName=phase Member=C31
Removed Member From Class: ClassName=phase Member=C32
Removed Member From Class: ClassName=phase Member=C33
Removed Member From Class: ClassName=phase Member=IC7
Removed Member From Class: ClassName=phase Member=R33
Removed Member From Class: ClassName=MCU Member=R35
Removed Member From Class: ClassName=phase Member=R36
Change Component Designator: OldDesignator=C3 NewDesignator=C7
Change Component Designator: OldDesignator=C4 NewDesignator=C9
Change Component Designator: OldDesignator=C5 NewDesignator=C10
Change Component Designator: OldDesignator=C6 NewDesignator=C11
Change Component Designator: OldDesignator=C7 NewDesignator=C8
Change Component Designator: OldDesignator=C8 NewDesignator=C13
Change Component Designator: OldDesignator=C9 NewDesignator=C15
Change Component Designator: OldDesignator=C10 NewDesignator=C18
Change Component Designator: OldDesignator=C11 NewDesignator=C19
Change Component Designator: OldDesignator=C12 NewDesignator=C20
Change Component Designator: OldDesignator=C13 NewDesignator=C21
Change Component Designator: OldDesignator=C14 NewDesignator=C22
Change Component Designator: OldDesignator=C15 NewDesignator=C23
Change Component Designator: OldDesignator=C16 NewDesignator=C24
Change Component Designator: OldDesignator=C17 NewDesignator=C25
Change Component Designator: OldDesignator=C18 NewDesignator=C26
Change Component Designator: OldDesignator=C19 NewDesignator=C27
Change Component Designator: OldDesignator=C20 NewDesignator=C28
Change Component Designator: OldDesignator=C21 NewDesignator=C29
Change Component Designator: OldDesignator=C22 NewDesignator=C30
Change Component Designator: OldDesignator=C23 NewDesignator=C31
Change Component Designator: OldDesignator=C24 NewDesignator=C32
Change Component Designator: OldDesignator=C25 NewDesignator=C33
Change Component Designator: OldDesignator=C26 NewDesignator=C34
Change Component Designator: OldDesignator=C27 NewDesignator=C35
Change Component Designator: OldDesignator=C28 NewDesignator=C36
Change Component Designator: OldDesignator=C29 NewDesignator=C37
Change Component Designator: OldDesignator=C30 NewDesignator=C3
Change Component Designator: OldDesignator=C31 NewDesignator=C4
Change Component Designator: OldDesignator=C32 NewDesignator=C5
Change Component Designator: OldDesignator=C33 NewDesignator=C6
Change Component Designator: OldDesignator=C34 NewDesignator=C12
Change Component Designator: OldDesignator=C35 NewDesignator=C14
Change Component Designator: OldDesignator=C36 NewDesignator=C16
Change Component Designator: OldDesignator=C37 NewDesignator=C17
Change Component Designator: OldDesignator=D4 NewDesignator=D2
Change Component Designator: OldDesignator=D7 NewDesignator=D3
Change Component Designator: OldDesignator=IC3 NewDesignator=IC4
Change Component Designator: OldDesignator=IC4 NewDesignator=IC5
Change Component Designator: OldDesignator=IC5 NewDesignator=IC6
Change Component Designator: OldDesignator=IC6 NewDesignator=IC7
Change Component Designator: OldDesignator=IC7 NewDesignator=IC3
Change Component Designator: OldDesignator=LED3 NewDesignator=LED4
Change Component Designator: OldDesignator=LED4 NewDesignator=LED3
Change Component Designator: OldDesignator=R16 NewDesignator=R18
Change Component Designator: OldDesignator=R17 NewDesignator=R19
Change Component Designator: OldDesignator=R18 NewDesignator=R20
Change Component Designator: OldDesignator=R19 NewDesignator=R23
Change Component Designator: OldDesignator=R20 NewDesignator=R24
Change Component Designator: OldDesignator=R21 NewDesignator=R25
Change Component Designator: OldDesignator=R22 NewDesignator=R26
Change Component Designator: OldDesignator=R23 NewDesignator=R27
Change Component Designator: OldDesignator=R24 NewDesignator=R28
Change Component Designator: OldDesignator=R25 NewDesignator=R29
Change Component Designator: OldDesignator=R26 NewDesignator=R30
Change Component Designator: OldDesignator=R27 NewDesignator=R32
Change Component Designator: OldDesignator=R28 NewDesignator=R33
Change Component Designator: OldDesignator=R29 NewDesignator=R34
Change Component Designator: OldDesignator=R30 NewDesignator=R35
Change Component Designator: OldDesignator=R31 NewDesignator=R36
Change Component Designator: OldDesignator=R32 NewDesignator=R37
Change Component Designator: OldDesignator=R33 NewDesignator=R16
Change Component Designator: OldDesignator=R34 NewDesignator=R21
Change Component Designator: OldDesignator=R35 NewDesignator=R31
Change Component Designator: OldDesignator=R36 NewDesignator=R17
Change Component Designator: OldDesignator=R37 NewDesignator=R22
Change Net Name : Old Net Name=NetC3_1 New Net Name=NetC7_1
Change Net Name : Old Net Name=NetC4_2 New Net Name=NetC9_2
Change Net Name : Old Net Name=NetC5_2 New Net Name=NetC10_2
Change Net Name : Old Net Name=NetC6_2 New Net Name=NetC11_2
Change Net Name : Old Net Name=NetC8_1 New Net Name=NetC13_1
Change Net Name : Old Net Name=NetC10_2 New Net Name=NetC18_2
Change Net Name : Old Net Name=NetC14_2 New Net Name=NetC22_2
Change Net Name : Old Net Name=NetC22_1 New Net Name=NetC30_1
Change Net Name : Old Net Name=NetC22_2 New Net Name=NetC30_2
Change Net Name : Old Net Name=NetC26_1 New Net Name=NetC34_1
Change Net Name : Old Net Name=NetC26_2 New Net Name=NetC34_2
Change Net Name : Old Net Name=NetC27_2 New Net Name=NetC35_2
Change Net Name : Old Net Name=NetC28_1 New Net Name=NetC36_1
Change Net Name : Old Net Name=NetC35_1 New Net Name=NetC14_1
Change Net Name : Old Net Name=NetC35_2 New Net Name=NetC14_2
Change Net Name : Old Net Name=NetC36_1 New Net Name=NetC16_1
Change Net Name : Old Net Name=NetC37_1 New Net Name=NetC17_1
Change Net Name : Old Net Name=NetIC3_2 New Net Name=NetIC4_2
Change Net Name : Old Net Name=NetIC3_3 New Net Name=NetIC4_3
Change Net Name : Old Net Name=NetIC3_5 New Net Name=NetIC4_5
Change Net Name : Old Net Name=NetIC3_7 New Net Name=NetIC4_7
Change Net Name : Old Net Name=NetIC4_5 New Net Name=NetIC5_5
Change Net Name : Old Net Name=NetIC4_6 New Net Name=NetIC5_6
Change Net Name : Old Net Name=NetIC4_7 New Net Name=NetIC5_7
Change Net Name : Old Net Name=NetIC4_8 New Net Name=NetIC5_8
Change Net Name : Old Net Name=NetIC5_20 New Net Name=NetIC6_20
Change Net Name : Old Net Name=NetIC6_7 New Net Name=NetIC7_7
Change Net Name : Old Net Name=NetLED3_1 New Net Name=NetLED4_1
Change Net Name : Old Net Name=NetLED4_1 New Net Name=NetLED3_1
Added Member To Class: ClassName=phase Member=Component C10 10pF
Added Member To Class: ClassName=phase Member=Component C11 10pF
Added Member To Class: ClassName=phase Member=Component C13 2.2uF
Added Member To Class: ClassName=phase Member=Component C15 10uF
Added Member To Class: ClassName=phase Member=Component IC4 IR2101S
Added Member To Class: ClassName=phase Member=Component R23 100R
Added Member To Class: ClassName=phase Member=Component R24 100R
Added Member To Class: ClassName=MCU Member=Component R36 10K
Added Room: Name=MCU
Added Room: Name=phase
