Removed Member From Class: ClassName=MCU Member=R6
Removed Member From Class: ClassName=MCU Member=R11
Removed Member From Class: ClassName=phase Member=R25
Change Component Designator: OldDesignator=IC? NewDesignator=IC7
Change Component Designator: OldDesignator=R? NewDesignator=R33
Change Component Designator: OldDesignator=R? NewDesignator=R34
Change Net Name : Old Net Name=NetIC?_2 New Net Name=NetIC7_2
Change Net Name : Old Net Name=NetIC?_3 New Net Name=NetIC7_3
Added Member To Class: ClassName=MCU Member=Component BT3 BUTTON1
Added Member To Class: ClassName=phase Member=Component C5 10pF
Added Member To Class: ClassName=phase Member=Component C7 10uF
Added Member To Class: ClassName=phase Member=Component C9 10uF
Added Member To Class: ClassName=MCU Member=Component C17 22uF
Added Member To Class: ClassName=MCU Member=Component IC4 CH340G
Added Member To Class: ClassName=MCU Member=Component R1 2.2K
Added Member To Class: ClassName=MCU Member=Component R2 12K
Added Member To Class: ClassName=phase Member=Component R3 100R
Added Member To Class: ClassName=phase Member=Component R4 100R
Added Member To Class: ClassName=phase Member=Component R5 22K
Added Member To Class: ClassName=phase Member=Component R7 22K
Added Member To Class: ClassName=phase Member=Component R8 10K
Added Member To Class: ClassName=phase Member=Component R9 10K
Added Member To Class: ClassName=phase Member=Component R10 10K
Added Member To Class: ClassName=phase Member=Component R12 6.8K
Added Member To Class: ClassName=phase Member=Component R13 6.8K
Added Member To Class: ClassName=phase Member=Component R15 100R
Added Member To Class: ClassName=MCU Member=Component R31 10K
Added Member To Class: ClassName=phase Member=Component R33 1K
Added Member To Class: ClassName=phase Member=Component R34 1K
