Added Component: Designator=BT2(SW4_SMD)
Add component (AddParameter): Name = "Value"; Value = "1N4007"; VariantName = "[No Variations]"
Added Component: Designator=BT3(SW4_SMD)
Add component (AddParameter): Name = "Value"; Value = "1N4007"; VariantName = "[No Variations]"
Added Component: Designator=BT4(SW4_SMD)
Add component (AddParameter): Name = "Value"; Value = "1N4007"; VariantName = "[No Variations]"
Added Component: Designator=C1(CN-SMD-0805)
Add component (AddParameter): Name = "Designed by"; Value = "VanDungEvn"; VariantName = "[No Variations]"
Add component (AddParameter): Name = "Value"; Value = "0,1uF/300V"; VariantName = "[No Variations]"
Added Component: Designator=C2(SM-CAP-0805)
Add component (AddParameter): Name = "Designed by"; Value = "VanDungEvn"; VariantName = "[No Variations]"
Add component (AddParameter): Name = "Value"; Value = "0,1uF/300V"; VariantName = "[No Variations]"
Added Component: Designator=C3(CAP-8MM_HORIZONTAL)
Added Component: Designator=C4(CAP-8MM_HORIZONTAL)
Added Component: Designator=C5(CAP-8MM_HORIZONTAL)
Added Component: Designator=C6(CAP-8MM_HORIZONTAL)
Added Component: Designator=C7(CN-SMD-0805)
Add component (AddParameter): Name = "Designed by"; Value = "VanDungEvn"; VariantName = "[No Variations]"
Add component (AddParameter): Name = "Value"; Value = "0,1uF/300V"; VariantName = "[No Variations]"
Added Component: Designator=C8(SM-CAP-0805)
Add component (AddParameter): Name = "Designed by"; Value = "VanDungEvn"; VariantName = "[No Variations]"
Add component (AddParameter): Name = "Value"; Value = "0,1uF/300V"; VariantName = "[No Variations]"
Added Component: Designator=C9(CN-SMD-0805)
Add component (AddParameter): Name = "Designed by"; Value = "VanDungEvn"; VariantName = "[No Variations]"
Add component (AddParameter): Name = "Value"; Value = "0,1uF/300V"; VariantName = "[No Variations]"
Added Component: Designator=C10(CN-SMD-0805)
Add component (AddParameter): Name = "Designed by"; Value = "VanDungEvn"; VariantName = "[No Variations]"
Add component (AddParameter): Name = "Value"; Value = "0,1uF/300V"; VariantName = "[No Variations]"
Added Component: Designator=C12(CN-SMD-0805)
Add component (AddParameter): Name = "Designed by"; Value = "VanDungEvn"; VariantName = "[No Variations]"
Add component (AddParameter): Name = "Value"; Value = "0,1uF/300V"; VariantName = "[No Variations]"
Added Component: Designator=C13(CN-SMD-0805)
Add component (AddParameter): Name = "Designed by"; Value = "VanDungEvn"; VariantName = "[No Variations]"
Add component (AddParameter): Name = "Value"; Value = "0,1uF/300V"; VariantName = "[No Variations]"
Added Component: Designator=C14(CN-SMD-0805)
Add component (AddParameter): Name = "Designed by"; Value = "VanDungEvn"; VariantName = "[No Variations]"
Add component (AddParameter): Name = "Value"; Value = "0,1uF/300V"; VariantName = "[No Variations]"
Added Component: Designator=C15(SM-CAP-0805)
Add component (AddParameter): Name = "Designed by"; Value = "VanDungEvn"; VariantName = "[No Variations]"
Add component (AddParameter): Name = "Value"; Value = "0,1uF/300V"; VariantName = "[No Variations]"
Added Component: Designator=C16(CN-SMD-0805)
Add component (AddParameter): Name = "Designed by"; Value = "VanDungEvn"; VariantName = "[No Variations]"
Add component (AddParameter): Name = "Value"; Value = "0,1uF/300V"; VariantName = "[No Variations]"
Added Component: Designator=C17(CN-SMD-0805)
Add component (AddParameter): Name = "Designed by"; Value = "VanDungEvn"; VariantName = "[No Variations]"
Add component (AddParameter): Name = "Value"; Value = "0,1uF/300V"; VariantName = "[No Variations]"
Added Component: Designator=C18(CN-SMD-0805)
Add component (AddParameter): Name = "Designed by"; Value = "VanDungEvn"; VariantName = "[No Variations]"
Add component (AddParameter): Name = "Value"; Value = "0,1uF/300V"; VariantName = "[No Variations]"
Added Component: Designator=C19(CN-SMD-0805)
Add component (AddParameter): Name = "Designed by"; Value = "VanDungEvn"; VariantName = "[No Variations]"
Add component (AddParameter): Name = "Value"; Value = "0,1uF/300V"; VariantName = "[No Variations]"
Added Component: Designator=C22(CN-SMD-0805)
Add component (AddParameter): Name = "Designed by"; Value = "VanDungEvn"; VariantName = "[No Variations]"
Add component (AddParameter): Name = "Value"; Value = "0,1uF/300V"; VariantName = "[No Variations]"
Added Component: Designator=C26(CN-SMD-0805)
Add component (AddParameter): Name = "Designed by"; Value = "VanDungEvn"; VariantName = "[No Variations]"
Add component (AddParameter): Name = "Value"; Value = "0,1uF/300V"; VariantName = "[No Variations]"
Added Component: Designator=C27(CN-SMD-0805)
Add component (AddParameter): Name = "Designed by"; Value = "VanDungEvn"; VariantName = "[No Variations]"
Add component (AddParameter): Name = "Value"; Value = "0,1uF/300V"; VariantName = "[No Variations]"
Added Component: Designator=C28(CN-SMD-0805)
Add component (AddParameter): Name = "Designed by"; Value = "VanDungEvn"; VariantName = "[No Variations]"
Add component (AddParameter): Name = "Value"; Value = "0,1uF/300V"; VariantName = "[No Variations]"
Added Component: Designator=C29(CN-SMD-0805)
Add component (AddParameter): Name = "Designed by"; Value = "VanDungEvn"; VariantName = "[No Variations]"
Add component (AddParameter): Name = "Value"; Value = "0,1uF/300V"; VariantName = "[No Variations]"
Added Component: Designator=C30(CN-SMD-0603)
Add component (AddParameter): Name = "Designed by"; Value = "VanDungEvn"; VariantName = "[No Variations]"
Add component (AddParameter): Name = "Value"; Value = "0,1uF/300V"; VariantName = "[No Variations]"
Added Component: Designator=C31(cap_A_SMD 10uF/16V)
Added Component: Designator=C32(CN-SMD-1206)
Add component (AddParameter): Name = "Designed by"; Value = "VanDungEvn"; VariantName = "[No Variations]"
Add component (AddParameter): Name = "Value"; Value = "0,1uF/300V"; VariantName = "[No Variations]"
Added Component: Designator=C33(cap_A_SMD 10uF/16V)
Added Component: Designator=C34(CN-SMD-0603)
Add component (AddParameter): Name = "Designed by"; Value = "VanDungEvn"; VariantName = "[No Variations]"
Add component (AddParameter): Name = "Value"; Value = "0,1uF/300V"; VariantName = "[No Variations]"
Added Component: Designator=C35(CN-SMD-0603)
Add component (AddParameter): Name = "Designed by"; Value = "VanDungEvn"; VariantName = "[No Variations]"
Add component (AddParameter): Name = "Value"; Value = "0,1uF/300V"; VariantName = "[No Variations]"
Added Component: Designator=C36(CN-SMD-0603)
Add component (AddParameter): Name = "Designed by"; Value = "VanDungEvn"; VariantName = "[No Variations]"
Add component (AddParameter): Name = "Value"; Value = "0,1uF/300V"; VariantName = "[No Variations]"
Added Component: Designator=C37(CN-SMD-0603)
Add component (AddParameter): Name = "Designed by"; Value = "VanDungEvn"; VariantName = "[No Variations]"
Add component (AddParameter): Name = "Value"; Value = "0,1uF/300V"; VariantName = "[No Variations]"
Added Component: Designator=D1(SOD123)
Add component (AddParameter): Name = "Part Number"; Value = "LED 3 ly Single Colour"; VariantName = "[No Variations]"
Add component (AddParameter): Name = "Pricing"; Value = ""; VariantName = "[No Variations]"
Added Component: Designator=D2(SOD123)
Add component (AddParameter): Name = "Part Number"; Value = "LED 3 ly Single Colour"; VariantName = "[No Variations]"
Add component (AddParameter): Name = "Pricing"; Value = ""; VariantName = "[No Variations]"
Added Component: Designator=D3(SOD123)
Add component (AddParameter): Name = "Part Number"; Value = "LED 3 ly Single Colour"; VariantName = "[No Variations]"
Add component (AddParameter): Name = "Pricing"; Value = ""; VariantName = "[No Variations]"
Added Component: Designator=IC1(SOIC-8)
Added Component: Designator=IC2(SOIC-8)
Added Component: Designator=IC3(SO8)
Add component (AddParameter): Name = "Value"; Value = "LM358"; VariantName = "[No Variations]"
Added Component: Designator=IC4(SOIC-8)
Added Component: Designator=IC5(SOIC-16)
Added Component: Designator=IC7(SOIC-8)
Added Component: Designator=J1(GCT_USB4110-GF-A_REVB)
Add component (AddParameter): Name = "Availability"; Value = "Warning"; VariantName = "[No Variations]"
Add component (AddParameter): Name = "Check_prices"; Value = "https://www.snapeda.com/parts/USB4110-GF-A/Global%20Connector%20Technology/view-part/4001167/?ref=eda"; VariantName = "[No Variations]"
Add component (AddParameter): Name = "MF"; Value = "GCT"; VariantName = "[No Variations]"
Add component (AddParameter): Name = "MP"; Value = "USB4110-GF-A"; VariantName = "[No Variations]"
Add component (AddParameter): Name = "Package"; Value = "None"; VariantName = "[No Variations]"
Add component (AddParameter): Name = "Price"; Value = "None"; VariantName = "[No Variations]"
Add component (AddParameter): Name = "Purchase-URL"; Value = "https://pricing.snapeda.com/search/part/USB4110-GF-A/?ref=eda"; VariantName = "[No Variations]"
Add component (AddParameter): Name = "SnapEDA_Link"; Value = "https://www.snapeda.com/parts/USB4110-GF-A/Global%20Connector%20Technology/view-part/4001167/?ref=snap"; VariantName = "[No Variations]"
Add component (AddParameter): Name = "Value"; Value = ""; VariantName = "[No Variations]"
Added Component: Designator=L1(IN-SMD-0805)
Add component (AddParameter): Name = "Value"; Value = "150 mH"; VariantName = "[No Variations]"
Added Component: Designator=L2(L-SMD-06030-7.4x6.6X3)
Add component (AddParameter): Name = "Value"; Value = "150 mH"; VariantName = "[No Variations]"
Added Component: Designator=LED1(SM-LED-0805-Green)
Added Component: Designator=LED2(SM-LED-0805-Red)
Added Component: Designator=LED3(SM-LED-0805-Red)
Added Component: Designator=LED4(SM-LED-0805-Blue)
Added Component: Designator=Q1(TO-252)
Added Component: Designator=Q2(TO-252)
Added Component: Designator=Q3(TO-252)
Added Component: Designator=Q4(TO-252)
Added Component: Designator=Q5(TO-252)
Added Component: Designator=Q6(TO-252)
Added Component: Designator=R1(RES-SMD-0805)
Add component (AddParameter): Name = "Class"; Value = "Passive"; VariantName = "[No Variations]"
Add component (AddParameter): Name = "Manufacturer"; Value = "Generic Components"; VariantName = "[No Variations]"
Add component (AddParameter): Name = "Published"; Value = "08/06/2000"; VariantName = "[No Variations]"
Add component (AddParameter): Name = "Publisher"; Value = "Altium Hobart Technology Centre"; VariantName = "[No Variations]"
Added Component: Designator=R2(RES-SMD-0805)
Add component (AddParameter): Name = "Class"; Value = "Passive"; VariantName = "[No Variations]"
Add component (AddParameter): Name = "Manufacturer"; Value = "Generic Components"; VariantName = "[No Variations]"
Add component (AddParameter): Name = "Published"; Value = "08/06/2000"; VariantName = "[No Variations]"
Add component (AddParameter): Name = "Publisher"; Value = "Altium Hobart Technology Centre"; VariantName = "[No Variations]"
Added Component: Designator=R3(RES-SMD-1206)
Add component (AddParameter): Name = "Class"; Value = "Passive"; VariantName = "[No Variations]"
Add component (AddParameter): Name = "Manufacturer"; Value = "Generic Components"; VariantName = "[No Variations]"
Add component (AddParameter): Name = "Published"; Value = "08/06/2000"; VariantName = "[No Variations]"
Add component (AddParameter): Name = "Publisher"; Value = "Altium Hobart Technology Centre"; VariantName = "[No Variations]"
Added Component: Designator=R4(RES-SMD-1206)
Add component (AddParameter): Name = "Class"; Value = "Passive"; VariantName = "[No Variations]"
Add component (AddParameter): Name = "Manufacturer"; Value = "Generic Components"; VariantName = "[No Variations]"
Add component (AddParameter): Name = "Published"; Value = "08/06/2000"; VariantName = "[No Variations]"
Add component (AddParameter): Name = "Publisher"; Value = "Altium Hobart Technology Centre"; VariantName = "[No Variations]"
Added Component: Designator=R5(RES-SMD-0805)
Add component (AddParameter): Name = "Class"; Value = "Passive"; VariantName = "[No Variations]"
Add component (AddParameter): Name = "Manufacturer"; Value = "Generic Components"; VariantName = "[No Variations]"
Add component (AddParameter): Name = "Published"; Value = "08/06/2000"; VariantName = "[No Variations]"
Add component (AddParameter): Name = "Publisher"; Value = "Altium Hobart Technology Centre"; VariantName = "[No Variations]"
Added Component: Designator=R6(RES-SMD-0805)
Add component (AddParameter): Name = "Class"; Value = "Passive"; VariantName = "[No Variations]"
Add component (AddParameter): Name = "Manufacturer"; Value = "Generic Components"; VariantName = "[No Variations]"
Add component (AddParameter): Name = "Published"; Value = "08/06/2000"; VariantName = "[No Variations]"
Add component (AddParameter): Name = "Publisher"; Value = "Altium Hobart Technology Centre"; VariantName = "[No Variations]"
Added Component: Designator=R7(RES-SMD-0805)
Add component (AddParameter): Name = "Class"; Value = "Passive"; VariantName = "[No Variations]"
Add component (AddParameter): Name = "Manufacturer"; Value = "Generic Components"; VariantName = "[No Variations]"
Add component (AddParameter): Name = "Published"; Value = "08/06/2000"; VariantName = "[No Variations]"
Add component (AddParameter): Name = "Publisher"; Value = "Altium Hobart Technology Centre"; VariantName = "[No Variations]"
Added Component: Designator=R8(RES-SMD-0805)
Add component (AddParameter): Name = "Class"; Value = "Passive"; VariantName = "[No Variations]"
Add component (AddParameter): Name = "Manufacturer"; Value = "Generic Components"; VariantName = "[No Variations]"
Add component (AddParameter): Name = "Published"; Value = "08/06/2000"; VariantName = "[No Variations]"
Add component (AddParameter): Name = "Publisher"; Value = "Altium Hobart Technology Centre"; VariantName = "[No Variations]"
Added Component: Designator=R9(RES-SMD-0805)
Add component (AddParameter): Name = "Class"; Value = "Passive"; VariantName = "[No Variations]"
Add component (AddParameter): Name = "Manufacturer"; Value = "Generic Components"; VariantName = "[No Variations]"
Add component (AddParameter): Name = "Published"; Value = "08/06/2000"; VariantName = "[No Variations]"
Add component (AddParameter): Name = "Publisher"; Value = "Altium Hobart Technology Centre"; VariantName = "[No Variations]"
Added Component: Designator=R10(RES-SMD-0805)
Add component (AddParameter): Name = "Class"; Value = "Passive"; VariantName = "[No Variations]"
Add component (AddParameter): Name = "Manufacturer"; Value = "Generic Components"; VariantName = "[No Variations]"
Add component (AddParameter): Name = "Published"; Value = "08/06/2000"; VariantName = "[No Variations]"
Add component (AddParameter): Name = "Publisher"; Value = "Altium Hobart Technology Centre"; VariantName = "[No Variations]"
Added Component: Designator=R11(RES-SMD-0805)
Add component (AddParameter): Name = "Class"; Value = "Passive"; VariantName = "[No Variations]"
Add component (AddParameter): Name = "Manufacturer"; Value = "Generic Components"; VariantName = "[No Variations]"
Add component (AddParameter): Name = "Published"; Value = "08/06/2000"; VariantName = "[No Variations]"
Add component (AddParameter): Name = "Publisher"; Value = "Altium Hobart Technology Centre"; VariantName = "[No Variations]"
Added Component: Designator=R12(RES-SMD-0805)
Add component (AddParameter): Name = "Class"; Value = "Passive"; VariantName = "[No Variations]"
Add component (AddParameter): Name = "Manufacturer"; Value = "Generic Components"; VariantName = "[No Variations]"
Add component (AddParameter): Name = "Published"; Value = "08/06/2000"; VariantName = "[No Variations]"
Add component (AddParameter): Name = "Publisher"; Value = "Altium Hobart Technology Centre"; VariantName = "[No Variations]"
Added Component: Designator=R13(RES-SMD-0805)
Add component (AddParameter): Name = "Class"; Value = "Passive"; VariantName = "[No Variations]"
Add component (AddParameter): Name = "Manufacturer"; Value = "Generic Components"; VariantName = "[No Variations]"
Add component (AddParameter): Name = "Published"; Value = "08/06/2000"; VariantName = "[No Variations]"
Add component (AddParameter): Name = "Publisher"; Value = "Altium Hobart Technology Centre"; VariantName = "[No Variations]"
Added Component: Designator=R14(RES-SMD-1206)
Add component (AddParameter): Name = "Class"; Value = "Passive"; VariantName = "[No Variations]"
Add component (AddParameter): Name = "Manufacturer"; Value = "Generic Components"; VariantName = "[No Variations]"
Add component (AddParameter): Name = "Published"; Value = "08/06/2000"; VariantName = "[No Variations]"
Add component (AddParameter): Name = "Publisher"; Value = "Altium Hobart Technology Centre"; VariantName = "[No Variations]"
Added Component: Designator=R15(RES-SMD-1206)
Add component (AddParameter): Name = "Class"; Value = "Passive"; VariantName = "[No Variations]"
Add component (AddParameter): Name = "Manufacturer"; Value = "Generic Components"; VariantName = "[No Variations]"
Add component (AddParameter): Name = "Published"; Value = "08/06/2000"; VariantName = "[No Variations]"
Add component (AddParameter): Name = "Publisher"; Value = "Altium Hobart Technology Centre"; VariantName = "[No Variations]"
Added Component: Designator=R16(RES-SMD-0805)
Add component (AddParameter): Name = "Class"; Value = "Passive"; VariantName = "[No Variations]"
Add component (AddParameter): Name = "Manufacturer"; Value = "Generic Components"; VariantName = "[No Variations]"
Add component (AddParameter): Name = "Published"; Value = "08/06/2000"; VariantName = "[No Variations]"
Add component (AddParameter): Name = "Publisher"; Value = "Altium Hobart Technology Centre"; VariantName = "[No Variations]"
Added Component: Designator=R17(RES-SMD-0805)
Add component (AddParameter): Name = "Class"; Value = "Passive"; VariantName = "[No Variations]"
Add component (AddParameter): Name = "Manufacturer"; Value = "Generic Components"; VariantName = "[No Variations]"
Add component (AddParameter): Name = "Published"; Value = "08/06/2000"; VariantName = "[No Variations]"
Add component (AddParameter): Name = "Publisher"; Value = "Altium Hobart Technology Centre"; VariantName = "[No Variations]"
Added Component: Designator=R18(RES-SMD-2010)
Add component (AddParameter): Name = "Class"; Value = "Passive"; VariantName = "[No Variations]"
Add component (AddParameter): Name = "Manufacturer"; Value = "Generic Components"; VariantName = "[No Variations]"
Add component (AddParameter): Name = "Published"; Value = "08/06/2000"; VariantName = "[No Variations]"
Add component (AddParameter): Name = "Publisher"; Value = "Altium Hobart Technology Centre"; VariantName = "[No Variations]"
Added Component: Designator=R19(RES-SMD-2010)
Add component (AddParameter): Name = "Class"; Value = "Passive"; VariantName = "[No Variations]"
Add component (AddParameter): Name = "Manufacturer"; Value = "Generic Components"; VariantName = "[No Variations]"
Add component (AddParameter): Name = "Published"; Value = "08/06/2000"; VariantName = "[No Variations]"
Add component (AddParameter): Name = "Publisher"; Value = "Altium Hobart Technology Centre"; VariantName = "[No Variations]"
Added Component: Designator=R20(RES-SMD-2010)
Add component (AddParameter): Name = "Class"; Value = "Passive"; VariantName = "[No Variations]"
Add component (AddParameter): Name = "Manufacturer"; Value = "Generic Components"; VariantName = "[No Variations]"
Add component (AddParameter): Name = "Published"; Value = "08/06/2000"; VariantName = "[No Variations]"
Add component (AddParameter): Name = "Publisher"; Value = "Altium Hobart Technology Centre"; VariantName = "[No Variations]"
Added Component: Designator=R21(RES-SMD-0805)
Add component (AddParameter): Name = "Class"; Value = "Passive"; VariantName = "[No Variations]"
Add component (AddParameter): Name = "Manufacturer"; Value = "Generic Components"; VariantName = "[No Variations]"
Add component (AddParameter): Name = "Published"; Value = "08/06/2000"; VariantName = "[No Variations]"
Add component (AddParameter): Name = "Publisher"; Value = "Altium Hobart Technology Centre"; VariantName = "[No Variations]"
Added Component: Designator=R22(RES-SMD-0805)
Add component (AddParameter): Name = "Class"; Value = "Passive"; VariantName = "[No Variations]"
Add component (AddParameter): Name = "Manufacturer"; Value = "Generic Components"; VariantName = "[No Variations]"
Add component (AddParameter): Name = "Published"; Value = "08/06/2000"; VariantName = "[No Variations]"
Add component (AddParameter): Name = "Publisher"; Value = "Altium Hobart Technology Centre"; VariantName = "[No Variations]"
Added Component: Designator=R23(RES-SMD-1206)
Add component (AddParameter): Name = "Class"; Value = "Passive"; VariantName = "[No Variations]"
Add component (AddParameter): Name = "Manufacturer"; Value = "Generic Components"; VariantName = "[No Variations]"
Add component (AddParameter): Name = "Published"; Value = "08/06/2000"; VariantName = "[No Variations]"
Add component (AddParameter): Name = "Publisher"; Value = "Altium Hobart Technology Centre"; VariantName = "[No Variations]"
Added Component: Designator=R24(RES-SMD-1206)
Add component (AddParameter): Name = "Class"; Value = "Passive"; VariantName = "[No Variations]"
Add component (AddParameter): Name = "Manufacturer"; Value = "Generic Components"; VariantName = "[No Variations]"
Add component (AddParameter): Name = "Published"; Value = "08/06/2000"; VariantName = "[No Variations]"
Add component (AddParameter): Name = "Publisher"; Value = "Altium Hobart Technology Centre"; VariantName = "[No Variations]"
Added Component: Designator=R25(RES-SMD-0805)
Add component (AddParameter): Name = "Class"; Value = "Passive"; VariantName = "[No Variations]"
Add component (AddParameter): Name = "Manufacturer"; Value = "Generic Components"; VariantName = "[No Variations]"
Add component (AddParameter): Name = "Published"; Value = "08/06/2000"; VariantName = "[No Variations]"
Add component (AddParameter): Name = "Publisher"; Value = "Altium Hobart Technology Centre"; VariantName = "[No Variations]"
Added Component: Designator=R26(RES-SMD-0805)
Add component (AddParameter): Name = "Class"; Value = "Passive"; VariantName = "[No Variations]"
Add component (AddParameter): Name = "Manufacturer"; Value = "Generic Components"; VariantName = "[No Variations]"
Add component (AddParameter): Name = "Published"; Value = "08/06/2000"; VariantName = "[No Variations]"
Add component (AddParameter): Name = "Publisher"; Value = "Altium Hobart Technology Centre"; VariantName = "[No Variations]"
Added Component: Designator=R30(RES-SMD-0805)
Add component (AddParameter): Name = "Class"; Value = "Passive"; VariantName = "[No Variations]"
Add component (AddParameter): Name = "Manufacturer"; Value = "Generic Components"; VariantName = "[No Variations]"
Add component (AddParameter): Name = "Published"; Value = "08/06/2000"; VariantName = "[No Variations]"
Add component (AddParameter): Name = "Publisher"; Value = "Altium Hobart Technology Centre"; VariantName = "[No Variations]"
Added Component: Designator=R31(RES-SMD-0805)
Add component (AddParameter): Name = "Class"; Value = "Passive"; VariantName = "[No Variations]"
Add component (AddParameter): Name = "Manufacturer"; Value = "Generic Components"; VariantName = "[No Variations]"
Add component (AddParameter): Name = "Published"; Value = "08/06/2000"; VariantName = "[No Variations]"
Add component (AddParameter): Name = "Publisher"; Value = "Altium Hobart Technology Centre"; VariantName = "[No Variations]"
Added Component: Designator=R32(RES-SMD-0805)
Add component (AddParameter): Name = "Class"; Value = "Passive"; VariantName = "[No Variations]"
Add component (AddParameter): Name = "Manufacturer"; Value = "Generic Components"; VariantName = "[No Variations]"
Add component (AddParameter): Name = "Published"; Value = "08/06/2000"; VariantName = "[No Variations]"
Add component (AddParameter): Name = "Publisher"; Value = "Altium Hobart Technology Centre"; VariantName = "[No Variations]"
Added Component: Designator=R33(RES-SMD-0805)
Add component (AddParameter): Name = "Class"; Value = "Passive"; VariantName = "[No Variations]"
Add component (AddParameter): Name = "Manufacturer"; Value = "Generic Components"; VariantName = "[No Variations]"
Add component (AddParameter): Name = "Published"; Value = "08/06/2000"; VariantName = "[No Variations]"
Add component (AddParameter): Name = "Publisher"; Value = "Altium Hobart Technology Centre"; VariantName = "[No Variations]"
Added Component: Designator=R34(RES-SMD-0603)
Add component (AddParameter): Name = "Class"; Value = "Passive"; VariantName = "[No Variations]"
Add component (AddParameter): Name = "Manufacturer"; Value = "Generic Components"; VariantName = "[No Variations]"
Add component (AddParameter): Name = "Published"; Value = "08/06/2000"; VariantName = "[No Variations]"
Add component (AddParameter): Name = "Publisher"; Value = "Altium Hobart Technology Centre"; VariantName = "[No Variations]"
Added Component: Designator=R35(RES-SMD-0805)
Add component (AddParameter): Name = "Class"; Value = "Passive"; VariantName = "[No Variations]"
Add component (AddParameter): Name = "Manufacturer"; Value = "Generic Components"; VariantName = "[No Variations]"
Add component (AddParameter): Name = "Published"; Value = "08/06/2000"; VariantName = "[No Variations]"
Add component (AddParameter): Name = "Publisher"; Value = "Altium Hobart Technology Centre"; VariantName = "[No Variations]"
Added Component: Designator=R36(RES-SMD-0805)
Add component (AddParameter): Name = "Class"; Value = "Passive"; VariantName = "[No Variations]"
Add component (AddParameter): Name = "Manufacturer"; Value = "Generic Components"; VariantName = "[No Variations]"
Add component (AddParameter): Name = "Published"; Value = "08/06/2000"; VariantName = "[No Variations]"
Add component (AddParameter): Name = "Publisher"; Value = "Altium Hobart Technology Centre"; VariantName = "[No Variations]"
Added Component: Designator=R37(RES-SMD-0805)
Add component (AddParameter): Name = "Class"; Value = "Passive"; VariantName = "[No Variations]"
Add component (AddParameter): Name = "Manufacturer"; Value = "Generic Components"; VariantName = "[No Variations]"
Add component (AddParameter): Name = "Published"; Value = "08/06/2000"; VariantName = "[No Variations]"
Add component (AddParameter): Name = "Publisher"; Value = "Altium Hobart Technology Centre"; VariantName = "[No Variations]"
Added Component: Designator=R38(RES-SMD-0805)
Add component (AddParameter): Name = "Class"; Value = "Passive"; VariantName = "[No Variations]"
Add component (AddParameter): Name = "Manufacturer"; Value = "Generic Components"; VariantName = "[No Variations]"
Add component (AddParameter): Name = "Published"; Value = "08/06/2000"; VariantName = "[No Variations]"
Add component (AddParameter): Name = "Publisher"; Value = "Altium Hobart Technology Centre"; VariantName = "[No Variations]"
Added Component: Designator=R39(RES-SMD-0805)
Add component (AddParameter): Name = "Class"; Value = "Passive"; VariantName = "[No Variations]"
Add component (AddParameter): Name = "Manufacturer"; Value = "Generic Components"; VariantName = "[No Variations]"
Add component (AddParameter): Name = "Published"; Value = "08/06/2000"; VariantName = "[No Variations]"
Add component (AddParameter): Name = "Publisher"; Value = "Altium Hobart Technology Centre"; VariantName = "[No Variations]"
Added Component: Designator=SW1(SW1-SMD)
Add component (AddParameter): Name = "Value"; Value = "SW chip 2 pin"; VariantName = "[No Variations]"
Added Component: Designator=TP1(PW-JP)
Added Component: Designator=TP2(PW-JP)
Added Component: Designator=TP3(PW-JP)
Added Component: Designator=TP4(PW-JP)
Added Component: Designator=TP5(PW-JP)
Added Component: Designator=U1(TQFP32)
Added Component: Designator=X1(XTAL_3215)
Add component (AddParameter): Name = "Value"; Value = "4Mhz"; VariantName = "[No Variations]"
Added Component: Designator=X2(XT-49S/DIP)
Add component (AddParameter): Name = "Value"; Value = "4Mhz"; VariantName = "[No Variations]"
Added Pin To Net: NetName=+5V Pin=C12-1
Added Pin To Net: NetName=+5V Pin=C19-1
Added Pin To Net: NetName=+5V Pin=C22-2
Added Pin To Net: NetName=+5V Pin=C26-2
Added Pin To Net: NetName=+5V Pin=C27-2
Added Pin To Net: NetName=+5V Pin=C29-2
Added Pin To Net: NetName=+5V Pin=C33-1
Added Pin To Net: NetName=+5V Pin=IC3-8
Added Pin To Net: NetName=+5V Pin=IC5-16
Added Pin To Net: NetName=+5V Pin=J1-A4/B9
Added Pin To Net: NetName=+5V Pin=J1-B4/A9
Added Pin To Net: NetName=+5V Pin=L1-2
Added Pin To Net: NetName=+5V Pin=L2-2
Added Pin To Net: NetName=+5V Pin=R1-1
Added Pin To Net: NetName=+5V Pin=R25-1
Added Pin To Net: NetName=+5V Pin=R26-1
Added Pin To Net: NetName=+5V Pin=R30-2
Added Pin To Net: NetName=+5V Pin=R31-1
Added Pin To Net: NetName=+5V Pin=R32-2
Added Pin To Net: NetName=+5V Pin=R33-2
Added Pin To Net: NetName=+5V Pin=R35-1
Added Pin To Net: NetName=+5V Pin=R36-2
Added Pin To Net: NetName=+5V Pin=U1-4
Added Pin To Net: NetName=+5V Pin=U1-6
Added Net: Name=+5V
Added Pin To Net: NetName=DIR Pin=BT2-2
Added Pin To Net: NetName=DIR Pin=BT2-2
Added Pin To Net: NetName=DIR Pin=R32-1
Added Pin To Net: NetName=DIR Pin=U1-22
Added Net: Name=DIR
Added Pin To Net: NetName=DOWN Pin=BT4-2
Added Pin To Net: NetName=DOWN Pin=BT4-2
Added Pin To Net: NetName=DOWN Pin=R36-1
Added Pin To Net: NetName=DOWN Pin=U1-24
Added Net: Name=DOWN
Added Pin To Net: NetName=GND Pin=BT2-1
Added Pin To Net: NetName=GND Pin=BT2-1
Added Pin To Net: NetName=GND Pin=BT3-1
Added Pin To Net: NetName=GND Pin=BT3-1
Added Pin To Net: NetName=GND Pin=BT4-1
Added Pin To Net: NetName=GND Pin=BT4-1
Added Pin To Net: NetName=GND Pin=C2-1
Added Pin To Net: NetName=GND Pin=C3-2
Added Pin To Net: NetName=GND Pin=C4-2
Added Pin To Net: NetName=GND Pin=C5-2
Added Pin To Net: NetName=GND Pin=C6-2
Added Pin To Net: NetName=GND Pin=C8-1
Added Pin To Net: NetName=GND Pin=C9-1
Added Pin To Net: NetName=GND Pin=C10-1
Added Pin To Net: NetName=GND Pin=C12-2
Added Pin To Net: NetName=GND Pin=C15-1
Added Pin To Net: NetName=GND Pin=C16-2
Added Pin To Net: NetName=GND Pin=C19-2
Added Pin To Net: NetName=GND Pin=C22-1
Added Pin To Net: NetName=GND Pin=C26-1
Added Pin To Net: NetName=GND Pin=C27-1
Added Pin To Net: NetName=GND Pin=C28-1
Added Pin To Net: NetName=GND Pin=C29-1
Added Pin To Net: NetName=GND Pin=C31-2
Added Pin To Net: NetName=GND Pin=C32-1
Added Pin To Net: NetName=GND Pin=C33-2
Added Pin To Net: NetName=GND Pin=C35-1
Added Pin To Net: NetName=GND Pin=C36-2
Added Pin To Net: NetName=GND Pin=C37-2
Added Pin To Net: NetName=GND Pin=IC1-4
Added Pin To Net: NetName=GND Pin=IC2-4
Added Pin To Net: NetName=GND Pin=IC3-4
Added Pin To Net: NetName=GND Pin=IC4-4
Added Pin To Net: NetName=GND Pin=IC5-1
Added Pin To Net: NetName=GND Pin=IC7-4
Added Pin To Net: NetName=GND Pin=J1-A1/B12
Added Pin To Net: NetName=GND Pin=J1-B1/A12
Added Pin To Net: NetName=GND Pin=J1-S1
Added Pin To Net: NetName=GND Pin=J1-S1
Added Pin To Net: NetName=GND Pin=J1-S2
Added Pin To Net: NetName=GND Pin=J1-S2
Added Pin To Net: NetName=GND Pin=J1-S3
Added Pin To Net: NetName=GND Pin=J1-S3
Added Pin To Net: NetName=GND Pin=J1-S4
Added Pin To Net: NetName=GND Pin=J1-S4
Added Pin To Net: NetName=GND Pin=LED4-2
Added Pin To Net: NetName=GND Pin=R2-2
Added Pin To Net: NetName=GND Pin=R11-2
Added Pin To Net: NetName=GND Pin=R12-2
Added Pin To Net: NetName=GND Pin=R13-2
Added Pin To Net: NetName=GND Pin=R18-2
Added Pin To Net: NetName=GND Pin=R19-2
Added Pin To Net: NetName=GND Pin=R20-2
Added Pin To Net: NetName=GND Pin=R21-1
Added Pin To Net: NetName=GND Pin=R37-1
Added Pin To Net: NetName=GND Pin=SW1-2
Added Pin To Net: NetName=GND Pin=TP5-1
Added Pin To Net: NetName=GND Pin=U1-3
Added Pin To Net: NetName=GND Pin=U1-5
Added Pin To Net: NetName=GND Pin=U1-21
Added Net: Name=GND
Added Pin To Net: NetName=LED_DIR Pin=LED3-2
Added Pin To Net: NetName=LED_DIR Pin=U1-11
Added Net: Name=LED_DIR
Added Pin To Net: NetName=MCU_Rx Pin=R38-1
Added Pin To Net: NetName=MCU_Rx Pin=U1-30
Added Net: Name=MCU_Rx
Added Pin To Net: NetName=MCU_Tx Pin=R39-2
Added Pin To Net: NetName=MCU_Tx Pin=U1-31
Added Net: Name=MCU_Tx
Added Pin To Net: NetName=NetC1_1 Pin=C1-1
Added Pin To Net: NetName=NetC1_1 Pin=D1-2
Added Pin To Net: NetName=NetC1_1 Pin=IC1-8
Added Net: Name=NetC1_1
Added Pin To Net: NetName=NetC7_1 Pin=C7-1
Added Pin To Net: NetName=NetC7_1 Pin=D2-2
Added Pin To Net: NetName=NetC7_1 Pin=IC2-8
Added Net: Name=NetC7_1
Added Pin To Net: NetName=NetC9_2 Pin=C9-2
Added Pin To Net: NetName=NetC9_2 Pin=U1-7
Added Pin To Net: NetName=NetC9_2 Pin=X2-2
Added Net: Name=NetC9_2
Added Pin To Net: NetName=NetC10_2 Pin=C10-2
Added Pin To Net: NetName=NetC10_2 Pin=U1-8
Added Pin To Net: NetName=NetC10_2 Pin=X2-1
Added Net: Name=NetC10_2
Added Pin To Net: NetName=NetC13_1 Pin=C13-1
Added Pin To Net: NetName=NetC13_1 Pin=D3-2
Added Pin To Net: NetName=NetC13_1 Pin=IC4-8
Added Net: Name=NetC13_1
Added Pin To Net: NetName=NetC14_1 Pin=C14-1
Added Pin To Net: NetName=NetC14_1 Pin=C17-2
Added Pin To Net: NetName=NetC14_1 Pin=IC3-2
Added Pin To Net: NetName=NetC14_1 Pin=R21-2
Added Pin To Net: NetName=NetC14_1 Pin=R22-1
Added Net: Name=NetC14_1
Added Pin To Net: NetName=NetC14_2 Pin=C14-2
Added Pin To Net: NetName=NetC14_2 Pin=IC3-3
Added Pin To Net: NetName=NetC14_2 Pin=R16-2
Added Net: Name=NetC14_2
Added Pin To Net: NetName=NetC16_1 Pin=C16-1
Added Pin To Net: NetName=NetC16_1 Pin=R17-2
Added Pin To Net: NetName=NetC16_1 Pin=U1-25
Added Net: Name=NetC16_1
Added Pin To Net: NetName=NetC17_1 Pin=C17-1
Added Pin To Net: NetName=NetC17_1 Pin=IC3-1
Added Pin To Net: NetName=NetC17_1 Pin=R17-1
Added Pin To Net: NetName=NetC17_1 Pin=R22-2
Added Net: Name=NetC17_1
Added Pin To Net: NetName=NetC18_2 Pin=C18-2
Added Pin To Net: NetName=NetC18_2 Pin=IC5-13
Added Net: Name=NetC18_2
Added Pin To Net: NetName=NetC28_2 Pin=C28-2
Added Pin To Net: NetName=NetC28_2 Pin=L1-1
Added Pin To Net: NetName=NetC28_2 Pin=U1-18
Added Pin To Net: NetName=NetC28_2 Pin=U1-20
Added Net: Name=NetC28_2
Added Pin To Net: NetName=NetC30_1 Pin=C30-1
Added Pin To Net: NetName=NetC30_1 Pin=IC7-3
Added Pin To Net: NetName=NetC30_1 Pin=L2-1
Added Net: Name=NetC30_1
Added Pin To Net: NetName=NetC30_2 Pin=C30-2
Added Pin To Net: NetName=NetC30_2 Pin=IC7-1
Added Net: Name=NetC30_2
Added Pin To Net: NetName=NetC34_1 Pin=C34-1
Added Pin To Net: NetName=NetC34_1 Pin=R37-2
Added Net: Name=NetC34_1
Added Pin To Net: NetName=NetC34_2 Pin=C34-2
Added Pin To Net: NetName=NetC34_2 Pin=IC7-6
Added Net: Name=NetC34_2
Added Pin To Net: NetName=NetC35_2 Pin=C35-2
Added Pin To Net: NetName=NetC35_2 Pin=IC7-8
Added Net: Name=NetC35_2
Added Pin To Net: NetName=NetC36_1 Pin=C36-1
Added Pin To Net: NetName=NetC36_1 Pin=C37-1
Added Pin To Net: NetName=NetC36_1 Pin=IC7-5
Added Pin To Net: NetName=NetC36_1 Pin=R1-2
Added Pin To Net: NetName=NetC36_1 Pin=R2-1
Added Net: Name=NetC36_1
Added Pin To Net: NetName=NetIC1_2 Pin=IC1-2
Added Pin To Net: NetName=NetIC1_2 Pin=U1-15
Added Net: Name=NetIC1_2
Added Pin To Net: NetName=NetIC1_3 Pin=IC1-3
Added Pin To Net: NetName=NetIC1_3 Pin=U1-32
Added Net: Name=NetIC1_3
Added Pin To Net: NetName=NetIC1_5 Pin=IC1-5
Added Pin To Net: NetName=NetIC1_5 Pin=R4-2
Added Net: Name=NetIC1_5
Added Pin To Net: NetName=NetIC1_7 Pin=IC1-7
Added Pin To Net: NetName=NetIC1_7 Pin=R3-2
Added Net: Name=NetIC1_7
Added Pin To Net: NetName=NetIC2_2 Pin=IC2-2
Added Pin To Net: NetName=NetIC2_2 Pin=U1-14
Added Net: Name=NetIC2_2
Added Pin To Net: NetName=NetIC2_3 Pin=IC2-3
Added Pin To Net: NetName=NetIC2_3 Pin=U1-1
Added Net: Name=NetIC2_3
Added Pin To Net: NetName=NetIC2_5 Pin=IC2-5
Added Pin To Net: NetName=NetIC2_5 Pin=R15-2
Added Net: Name=NetIC2_5
Added Pin To Net: NetName=NetIC2_7 Pin=IC2-7
Added Pin To Net: NetName=NetIC2_7 Pin=R14-2
Added Net: Name=NetIC2_7
Added Pin To Net: NetName=NetIC4_2 Pin=IC4-2
Added Pin To Net: NetName=NetIC4_2 Pin=U1-13
Added Net: Name=NetIC4_2
Added Pin To Net: NetName=NetIC4_3 Pin=IC4-3
Added Pin To Net: NetName=NetIC4_3 Pin=U1-2
Added Net: Name=NetIC4_3
Added Pin To Net: NetName=NetIC4_5 Pin=IC4-5
Added Pin To Net: NetName=NetIC4_5 Pin=R24-2
Added Net: Name=NetIC4_5
Added Pin To Net: NetName=NetIC4_7 Pin=IC4-7
Added Pin To Net: NetName=NetIC4_7 Pin=R23-2
Added Net: Name=NetIC4_7
Added Pin To Net: NetName=NetIC5_2 Pin=IC5-2
Added Pin To Net: NetName=NetIC5_2 Pin=LED2-2
Added Pin To Net: NetName=NetIC5_2 Pin=R38-2
Added Net: Name=NetIC5_2
Added Pin To Net: NetName=NetIC5_3 Pin=IC5-3
Added Pin To Net: NetName=NetIC5_3 Pin=LED1-2
Added Pin To Net: NetName=NetIC5_3 Pin=R39-1
Added Net: Name=NetIC5_3
Added Pin To Net: NetName=NetIC5_7 Pin=IC5-7
Added Pin To Net: NetName=NetIC5_7 Pin=X1-2
Added Net: Name=NetIC5_7
Added Pin To Net: NetName=NetIC5_8 Pin=IC5-8
Added Pin To Net: NetName=NetIC5_8 Pin=X1-1
Added Net: Name=NetIC5_8
Added Pin To Net: NetName=NetIC7_7 Pin=IC7-7
Added Pin To Net: NetName=NetIC7_7 Pin=R34-1
Added Net: Name=NetIC7_7
Added Pin To Net: NetName=NetLED1_1 Pin=LED1-1
Added Pin To Net: NetName=NetLED1_1 Pin=R25-2
Added Net: Name=NetLED1_1
Added Pin To Net: NetName=NetLED2_1 Pin=LED2-1
Added Pin To Net: NetName=NetLED2_1 Pin=R26-2
Added Net: Name=NetLED2_1
Added Pin To Net: NetName=NetLED3_1 Pin=LED3-1
Added Pin To Net: NetName=NetLED3_1 Pin=R31-2
Added Net: Name=NetLED3_1
Added Pin To Net: NetName=NetLED4_1 Pin=LED4-1
Added Pin To Net: NetName=NetLED4_1 Pin=R35-2
Added Net: Name=NetLED4_1
Added Pin To Net: NetName=NetQ1_1 Pin=Q1-1
Added Pin To Net: NetName=NetQ1_1 Pin=R3-1
Added Net: Name=NetQ1_1
Added Pin To Net: NetName=NetQ2_1 Pin=Q2-1
Added Pin To Net: NetName=NetQ2_1 Pin=R4-1
Added Net: Name=NetQ2_1
Added Pin To Net: NetName=NetQ3_1 Pin=Q3-1
Added Pin To Net: NetName=NetQ3_1 Pin=R14-1
Added Net: Name=NetQ3_1
Added Pin To Net: NetName=NetQ4_1 Pin=Q4-1
Added Pin To Net: NetName=NetQ4_1 Pin=R15-1
Added Net: Name=NetQ4_1
Added Pin To Net: NetName=NetQ5_1 Pin=Q5-1
Added Pin To Net: NetName=NetQ5_1 Pin=R23-1
Added Net: Name=NetQ5_1
Added Pin To Net: NetName=NetQ6_1 Pin=Q6-1
Added Pin To Net: NetName=NetQ6_1 Pin=R24-1
Added Net: Name=NetQ6_1
Added Pin To Net: NetName=NetR5_2 Pin=R5-2
Added Pin To Net: NetName=NetR5_2 Pin=R8-2
Added Pin To Net: NetName=NetR5_2 Pin=R11-1
Added Pin To Net: NetName=NetR5_2 Pin=U1-26
Added Net: Name=NetR5_2
Added Pin To Net: NetName=NetR6_2 Pin=R6-2
Added Pin To Net: NetName=NetR6_2 Pin=R9-2
Added Pin To Net: NetName=NetR6_2 Pin=R12-1
Added Pin To Net: NetName=NetR6_2 Pin=U1-27
Added Net: Name=NetR6_2
Added Pin To Net: NetName=NetR7_2 Pin=R7-2
Added Pin To Net: NetName=NetR7_2 Pin=R10-2
Added Pin To Net: NetName=NetR7_2 Pin=R13-1
Added Pin To Net: NetName=NetR7_2 Pin=U1-28
Added Net: Name=NetR7_2
Added Pin To Net: NetName=NetR8_1 Pin=R8-1
Added Pin To Net: NetName=NetR8_1 Pin=R9-1
Added Pin To Net: NetName=NetR8_1 Pin=R10-1
Added Pin To Net: NetName=NetR8_1 Pin=U1-10
Added Net: Name=NetR8_1
Added Pin To Net: NetName=nRST Pin=C18-1
Added Pin To Net: NetName=nRST Pin=R30-1
Added Pin To Net: NetName=nRST Pin=SW1-1
Added Pin To Net: NetName=nRST Pin=U1-29
Added Net: Name=nRST
Added Pin To Net: NetName=P_GND Pin=Q2-3
Added Pin To Net: NetName=P_GND Pin=Q4-3
Added Pin To Net: NetName=P_GND Pin=Q6-3
Added Pin To Net: NetName=P_GND Pin=R16-1
Added Pin To Net: NetName=P_GND Pin=R18-1
Added Pin To Net: NetName=P_GND Pin=R19-1
Added Pin To Net: NetName=P_GND Pin=R20-1
Added Net: Name=P_GND
Added Pin To Net: NetName=PHASE-A Pin=C1-2
Added Pin To Net: NetName=PHASE-A Pin=IC1-6
Added Pin To Net: NetName=PHASE-A Pin=Q1-3
Added Pin To Net: NetName=PHASE-A Pin=Q2-2
Added Pin To Net: NetName=PHASE-A Pin=R5-1
Added Pin To Net: NetName=PHASE-A Pin=TP1-1
Added Net: Name=PHASE-A
Added Pin To Net: NetName=PHASE-B Pin=C7-2
Added Pin To Net: NetName=PHASE-B Pin=IC2-6
Added Pin To Net: NetName=PHASE-B Pin=Q3-3
Added Pin To Net: NetName=PHASE-B Pin=Q4-2
Added Pin To Net: NetName=PHASE-B Pin=R6-1
Added Pin To Net: NetName=PHASE-B Pin=TP2-1
Added Net: Name=PHASE-B
Added Pin To Net: NetName=PHASE-C Pin=C13-2
Added Pin To Net: NetName=PHASE-C Pin=IC4-6
Added Pin To Net: NetName=PHASE-C Pin=Q5-3
Added Pin To Net: NetName=PHASE-C Pin=Q6-2
Added Pin To Net: NetName=PHASE-C Pin=R7-1
Added Pin To Net: NetName=PHASE-C Pin=TP3-1
Added Net: Name=PHASE-C
Added Pin To Net: NetName=UP Pin=BT3-2
Added Pin To Net: NetName=UP Pin=BT3-2
Added Pin To Net: NetName=UP Pin=R33-1
Added Pin To Net: NetName=UP Pin=U1-23
Added Net: Name=UP
Added Pin To Net: NetName=USB_N Pin=IC5-6
Added Pin To Net: NetName=USB_N Pin=J1-A7
Added Pin To Net: NetName=USB_N Pin=J1-B7
Added Net: Name=USB_N
Added Pin To Net: NetName=USB_P Pin=IC5-5
Added Pin To Net: NetName=USB_P Pin=J1-A6
Added Pin To Net: NetName=USB_P Pin=J1-B6
Added Net: Name=USB_P
Added Pin To Net: NetName=VCC Pin=C2-2
Added Pin To Net: NetName=VCC Pin=C3-1
Added Pin To Net: NetName=VCC Pin=C4-1
Added Pin To Net: NetName=VCC Pin=C5-1
Added Pin To Net: NetName=VCC Pin=C6-1
Added Pin To Net: NetName=VCC Pin=C8-2
Added Pin To Net: NetName=VCC Pin=C15-2
Added Pin To Net: NetName=VCC Pin=C31-1
Added Pin To Net: NetName=VCC Pin=C32-2
Added Pin To Net: NetName=VCC Pin=D1-1
Added Pin To Net: NetName=VCC Pin=D2-1
Added Pin To Net: NetName=VCC Pin=D3-1
Added Pin To Net: NetName=VCC Pin=IC1-1
Added Pin To Net: NetName=VCC Pin=IC2-1
Added Pin To Net: NetName=VCC Pin=IC4-1
Added Pin To Net: NetName=VCC Pin=IC7-2
Added Pin To Net: NetName=VCC Pin=Q1-2
Added Pin To Net: NetName=VCC Pin=Q3-2
Added Pin To Net: NetName=VCC Pin=Q5-2
Added Pin To Net: NetName=VCC Pin=R34-2
Added Pin To Net: NetName=VCC Pin=TP4-1
Added Net: Name=VCC
Added Class: Name=MCU
Added Class: Name=phase
Added Differential Pair: Name=USB
Added Room: Name=MCU
Added Room: Name=phase
