Removed Pin From Net: NetName=GND Pin=IC5-8
Removed Pin From Net: NetName=USB_N Pin=IC5-9
Removed Pin From Net: NetName=+5V Pin=IC5-13
Removed Pin From Net: NetName=USB_P Pin=IC5-15
Removed Pin From Net: NetName=NetC18_2 Pin=IC5-16
Removed Pin From Net: NetName=+5V Pin=L2-2
Removed Pin From Net: NetName=+5V Pin=R1-1
Added Component: Designator=D?(SOD123)
Add component (AddParameter): Name = "Part Number"; Value = "LED 3 ly Single Colour"; VariantName = "[No Variations]"
Add component (AddParameter): Name = "Pricing"; Value = ""; VariantName = "[No Variations]"
Added Component: Designator=JP?(JP6)
Add component (AddParameter): Name = "Value"; Value = "JP7"; VariantName = "[No Variations]"
Added Pin To Net: NetName=+5V Pin=D?-2
Added Pin To Net: NetName=GND Pin=IC5-1
Added Pin To Net: NetName=USB_P Pin=IC5-5
Added Pin To Net: NetName=USB_N Pin=IC5-6
Added Pin To Net: NetName=NetC18_2 Pin=IC5-13
Added Pin To Net: NetName=+5V Pin=IC5-16
Added Pin To Net: NetName=nRST Pin=JP?-1
Added Pin To Net: NetName=+5V Pin=JP?-5
Added Pin To Net: NetName=GND Pin=JP?-6
Added Pin To Net: NetName=MISO Pin=JP?-4
Added Net: Name=MISO
Added Pin To Net: NetName=MOSI Pin=JP?-3
Added Net: Name=MOSI
Added Pin To Net: NetName=NetD?_1 Pin=D?-1
Added Pin To Net: NetName=NetD?_1 Pin=L2-2
Added Pin To Net: NetName=NetD?_1 Pin=R1-1
Added Net: Name=NetD?_1
Added Pin To Net: NetName=NetIC5_2 Pin=IC5-2
Added Pin To Net: NetName=NetIC5_2 Pin=LED2-2
Added Pin To Net: NetName=NetIC5_2 Pin=R38-2
Added Net: Name=NetIC5_2
Added Pin To Net: NetName=NetIC5_3 Pin=IC5-3
Added Pin To Net: NetName=NetIC5_3 Pin=LED1-2
Added Pin To Net: NetName=NetIC5_3 Pin=R39-1
Added Net: Name=NetIC5_3
Added Pin To Net: NetName=NetIC5_7 Pin=IC5-7
Added Pin To Net: NetName=NetIC5_7 Pin=X1-2
Added Net: Name=NetIC5_7
Added Pin To Net: NetName=NetIC5_8 Pin=IC5-8
Added Pin To Net: NetName=NetIC5_8 Pin=X1-1
Added Net: Name=NetIC5_8
Added Pin To Net: NetName=SCK Pin=JP?-2
Added Net: Name=SCK
Added Member To Class: ClassName=MCU Member=Component D? 1N5822
Added Member To Class: ClassName=MCU Member=Component JP? ICSP
Added Room: Name=MCU
Added Room: Name=phase
