Change Component Footprint: Designator=C3 Old Footprint=CAP-8MM_HORIZONTAL New Footprint=CAP-ALU-SMD-5x5.5x1.4
Change Component Footprint: Designator=C4 Old Footprint=CAP-8MM_HORIZONTAL New Footprint=CAP-ALU-SMD-5x5.5x1.4
Change Component Footprint: Designator=C5 Old Footprint=CAP-8MM_HORIZONTAL New Footprint=CAP-ALU-SMD-5x5.5x1.4
Change Component Comment : Designator=C3 Old Comment=16V/1000uF New Comment=470uF/16V
Change Component Comment : Designator=C4 Old Comment=16V/1000uF New Comment=470uF/16V
Change Component Comment : Designator=C5 Old Comment=16V/1000uF New Comment=470uF/16V
Change Component Designator: OldDesignator=D? NewDesignator=D4
Change Component Designator: OldDesignator=JP? NewDesignator=JP1
Change component parameters: Designator = "C3" ("C3"); Footprint = "CAP-8MM_HORIZONTAL"; UniqueID = "\UPXHCXHH" ("\UPXHCXHH")
Change component parameters (AddParameter): Name = "LatestRevisionDate"; Value = "17-Jul-2002"; VariantName = "[No Variations]"
Change component parameters (AddParameter): Name = "LatestRevisionNote"; Value = "Re-released for DXP Platform."; VariantName = "[No Variations]"
Change component parameters (AddParameter): Name = "PackageReference"; Value = "POLAR0.8"; VariantName = "[No Variations]"
Change component parameters (AddParameter): Name = "Published"; Value = "8-Jun-2000"; VariantName = "[No Variations]"
Change component parameters (AddParameter): Name = "Publisher"; Value = "Altium Limited"; VariantName = "[No Variations]"
Change component parameters: Designator = "C4" ("C4"); Footprint = "CAP-8MM_HORIZONTAL"; UniqueID = "\MZSQYTYH" ("\MZSQYTYH")
Change component parameters (AddParameter): Name = "LatestRevisionDate"; Value = "17-Jul-2002"; VariantName = "[No Variations]"
Change component parameters (AddParameter): Name = "LatestRevisionNote"; Value = "Re-released for DXP Platform."; VariantName = "[No Variations]"
Change component parameters (AddParameter): Name = "PackageReference"; Value = "POLAR0.8"; VariantName = "[No Variations]"
Change component parameters (AddParameter): Name = "Published"; Value = "8-Jun-2000"; VariantName = "[No Variations]"
Change component parameters (AddParameter): Name = "Publisher"; Value = "Altium Limited"; VariantName = "[No Variations]"
Change component parameters: Designator = "C5" ("C5"); Footprint = "CAP-8MM_HORIZONTAL"; UniqueID = "\PDIZUSTF" ("\PDIZUSTF")
Change component parameters (AddParameter): Name = "LatestRevisionDate"; Value = "17-Jul-2002"; VariantName = "[No Variations]"
Change component parameters (AddParameter): Name = "LatestRevisionNote"; Value = "Re-released for DXP Platform."; VariantName = "[No Variations]"
Change component parameters (AddParameter): Name = "PackageReference"; Value = "POLAR0.8"; VariantName = "[No Variations]"
Change component parameters (AddParameter): Name = "Published"; Value = "8-Jun-2000"; VariantName = "[No Variations]"
Change component parameters (AddParameter): Name = "Publisher"; Value = "Altium Limited"; VariantName = "[No Variations]"
Change Net Name : Old Net Name=NetD?_1 New Net Name=NetD4_1
Added Member To Class: ClassName=phase Member=Component Q1 DD8870
Added Room: Name=MCU
Added Room: Name=phase
